[INFO ] 2019-01-11T11:58:13,767Z [main] manifests.Manifests.info - 111 attributes loaded from 123 stream(s) in 3s, 111 saved, 1956 ignored: ["ActiveMQ-Version", "Agent-Class", "Ant-Version", "Application-Class", "Application-Library-Allowable-Codebase", "Application-Name", "Application-Version", "Archiver-Version", "Automatic-Module-Name", "Bnd-LastModified", "Branch", "Build-Date", "Build-Host", "Build-Id", "Build-Java-Version", "Build-Jdk", "Build-Job", "Build-Number", "Build-Timestamp", "Built-By", "Built-OS", "Built-Status", "Bundle-Activator", "Bundle-Category", "Bundle-ClassPath", "Bundle-Copyright", "Bundle-Description", "Bundle-DocURL", "Bundle-License", "Bundle-ManifestVersion", "Bundle-Name", "Bundle-RequiredExecutionEnvironment", "Bundle-SymbolicName", "Bundle-Vendor", "Bundle-Version", "Caller-Allowable-Codebase", "Can-Redefine-Classes", "Can-Retransform-Classes", "Can-Set-Native-Method-Prefix", "Caplets", "Change", "Codebase", "Corda-Platform-Version", "Corda-Release-Version", "Corda-Revision", "Corda-Vendor", "Created-By", "DynamicImport-Package", "Eclipse-BuddyPolicy", "Eclipse-LazyStart", "Export-Package", "Extension-Name", "Fragment-Host", "Gradle-Version", "Ignore-Package", "Implementation-Build", "Implementation-Build-Date", "Implementation-Title", "Implementation-URL", "Implementation-Url", "Implementation-Vendor", "Implementation-Vendor-Id", "Implementation-Version", "Import-Package", "Include-Resource", "JCabi-Build", "JCabi-Date", "JCabi-Version", "JVM-Args", "Java-Agents", "Java-Vendor", "Java-Version", "Kotlin-Runtime-Component", "Kotlin-Version", "Log4jReleaseKey", "Log4jReleaseManager", "Log4jReleaseVersion", "Main-Class", "Main-class", "Manifest-Version", "Min-Java-Version", "Min-Update-Version", "Module-Email", "Module-Origin", "Module-Owner", "Module-Source", "Multi-Release", "Originally-Created-By", "Os-Arch", "Os-Name", "Os-Version", "Package", "Permissions", "Premain-Class", "Private-Package", "Provide-Capability", "Require-Capability", "SCM-Revision", "SCM-url", "Scm-Connection", "Scm-Revision", "Scm-Url", "Service-Component", "Specification-Title", "Specification-Vendor", "Specification-Version", "System-Properties", "Tool", "Trusted-Library", "X-Compile-Source-JDK", "X-Compile-Target-JDK"] {}
[INFO ] 2019-01-11T11:58:14,221Z [main] BasicInfo.printBasicNodeInfo - Logs can be found in                    : C:\Users\Administrator\corda_bootcamp\cordapp-template-kotlin\build\nodes\Notary\logs {}
[INFO ] 2019-01-11T11:58:14,564Z [main] config.ConfigHelper.loadConfig - Config:
{
    # reference.conf @ jar:file:/C:/Users/Administrator/corda_bootcamp/cordapp-template-kotlin/build/nodes/Notary/corda.jar!/reference.conf: 20
    "activeMQServer" : {
        # reference.conf @ jar:file:/C:/Users/Administrator/corda_bootcamp/cordapp-template-kotlin/build/nodes/Notary/corda.jar!/reference.conf: 21
        "bridge" : {
            # reference.conf @ jar:file:/C:/Users/Administrator/corda_bootcamp/cordapp-template-kotlin/build/nodes/Notary/corda.jar!/reference.conf: 24
            "maxRetryIntervalMin" : 3,
            # reference.conf @ jar:file:/C:/Users/Administrator/corda_bootcamp/cordapp-template-kotlin/build/nodes/Notary/corda.jar!/reference.conf: 22
            "retryIntervalMs" : 5000,
            # reference.conf @ jar:file:/C:/Users/Administrator/corda_bootcamp/cordapp-template-kotlin/build/nodes/Notary/corda.jar!/reference.conf: 23
            "retryIntervalMultiplier" : 1.5
        }
    },
    # hardcoded value
    "baseDirectory" : "C:\\Users\\Administrator\\corda_bootcamp\\cordapp-template-kotlin\\build\\nodes\\Notary",
    # merge of reference.conf @ jar:file:/C:/Users/Administrator/corda_bootcamp/cordapp-template-kotlin/build/nodes/Notary/corda.jar!/reference.conf: 6,reference.conf @ jar:file:/C:/Users/Administrator/corda_bootcamp/cordapp-template-kotlin/build/nodes/.cache/apps/net.corda.node.Corda_3.3-corda/corda-node-3.3-corda.jar!/reference.conf: 6
    "dataSourceProperties" : {
        # reference.conf @ jar:file:/C:/Users/Administrator/corda_bootcamp/cordapp-template-kotlin/build/nodes/Notary/corda.jar!/reference.conf: 10
        "dataSource.password" : "",
        # merge of reference.conf @ jar:file:/C:/Users/Administrator/corda_bootcamp/cordapp-template-kotlin/build/nodes/Notary/corda.jar!/reference.conf: 8,hardcoded value,reference.conf @ jar:file:/C:/Users/Administrator/corda_bootcamp/cordapp-template-kotlin/build/nodes/Notary/corda.jar!/reference.conf: 8,reference.conf @ jar:file:/C:/Users/Administrator/corda_bootcamp/cordapp-template-kotlin/build/nodes/Notary/corda.jar!/reference.conf: 17
        "dataSource.url" : "jdbc:h2:file:C:\\Users\\Administrator\\corda_bootcamp\\cordapp-template-kotlin\\build\\nodes\\Notary/persistence;DB_CLOSE_ON_EXIT=FALSE;LOCK_TIMEOUT=10000;WRITE_DELAY=100;AUTO_SERVER_PORT=0",
        # reference.conf @ jar:file:/C:/Users/Administrator/corda_bootcamp/cordapp-template-kotlin/build/nodes/Notary/corda.jar!/reference.conf: 9
        "dataSource.user" : "sa",
        # reference.conf @ jar:file:/C:/Users/Administrator/corda_bootcamp/cordapp-template-kotlin/build/nodes/Notary/corda.jar!/reference.conf: 7
        "dataSourceClassName" : "org.h2.jdbcx.JdbcDataSource"
    },
    # reference.conf @ jar:file:/C:/Users/Administrator/corda_bootcamp/cordapp-template-kotlin/build/nodes/Notary/corda.jar!/reference.conf: 12
    "database" : {
        # reference.conf @ jar:file:/C:/Users/Administrator/corda_bootcamp/cordapp-template-kotlin/build/nodes/Notary/corda.jar!/reference.conf: 14
        "exportHibernateJMXStatistics" : "false",
        # reference.conf @ jar:file:/C:/Users/Administrator/corda_bootcamp/cordapp-template-kotlin/build/nodes/Notary/corda.jar!/reference.conf: 13
        "transactionIsolationLevel" : "REPEATABLE_READ"
    },
    # reference.conf @ jar:file:/C:/Users/Administrator/corda_bootcamp/cordapp-template-kotlin/build/nodes/Notary/corda.jar!/reference.conf: 16
    "devMode" : true,
    # reference.conf @ jar:file:/C:/Users/Administrator/corda_bootcamp/cordapp-template-kotlin/build/nodes/Notary/corda.jar!/reference.conf: 2
    "emailAddress" : "admin@company.com",
    # reference.conf @ jar:file:/C:/Users/Administrator/corda_bootcamp/cordapp-template-kotlin/build/nodes/Notary/corda.jar!/reference.conf: 3
    "exportJMXto" : "http",
    # reference.conf @ jar:file:/C:/Users/Administrator/corda_bootcamp/cordapp-template-kotlin/build/nodes/Notary/corda.jar!/reference.conf: 31
    "flowTimeout" : {
        # reference.conf @ jar:file:/C:/Users/Administrator/corda_bootcamp/cordapp-template-kotlin/build/nodes/Notary/corda.jar!/reference.conf: 34
        "backoffBase" : 1.8,
        # reference.conf @ jar:file:/C:/Users/Administrator/corda_bootcamp/cordapp-template-kotlin/build/nodes/Notary/corda.jar!/reference.conf: 33
        "maxRestartCount" : 5,
        # reference.conf @ jar:file:/C:/Users/Administrator/corda_bootcamp/cordapp-template-kotlin/build/nodes/Notary/corda.jar!/reference.conf: 32
        "timeout" : "30 seconds"
    },
    # reference.conf @ jar:file:/C:/Users/Administrator/corda_bootcamp/cordapp-template-kotlin/build/nodes/Notary/corda.jar!/reference.conf: 17
    "h2port" : 0,
    # reference.conf @ jar:file:/C:/Users/Administrator/corda_bootcamp/cordapp-template-kotlin/build/nodes/Notary/corda.jar!/reference.conf: 4
    "keyStorePassword" : "cordacadevpass",
    # C:\Users\Administrator\corda_bootcamp\cordapp-template-kotlin\build\nodes\Notary\node.conf: 1
    "myLegalName" : "O=Notary,L=London,C=GB",
    # hardcoded value
    "noLocalShell" : false,
    # C:\Users\Administrator\corda_bootcamp\cordapp-template-kotlin\build\nodes\Notary\node.conf: 2
    "notary" : {
        # C:\Users\Administrator\corda_bootcamp\cordapp-template-kotlin\build\nodes\Notary\node.conf: 3
        "validating" : false
    },
    # C:\Users\Administrator\corda_bootcamp\cordapp-template-kotlin\build\nodes\Notary\node.conf: 5
    "p2pAddress" : "localhost:10002",
    # merge of C:\Users\Administrator\corda_bootcamp\cordapp-template-kotlin\build\nodes\Notary\node.conf: 6,reference.conf @ jar:file:/C:/Users/Administrator/corda_bootcamp/cordapp-template-kotlin/build/nodes/Notary/corda.jar!/reference.conf: 27
    "rpcSettings" : {
        # C:\Users\Administrator\corda_bootcamp\cordapp-template-kotlin\build\nodes\Notary\node.conf: 7
        "address" : "localhost:10003",
        # C:\Users\Administrator\corda_bootcamp\cordapp-template-kotlin\build\nodes\Notary\node.conf: 8
        "adminAddress" : "localhost:10043",
        # reference.conf @ jar:file:/C:/Users/Administrator/corda_bootcamp/cordapp-template-kotlin/build/nodes/Notary/corda.jar!/reference.conf: 29
        "standAloneBroker" : false,
        # reference.conf @ jar:file:/C:/Users/Administrator/corda_bootcamp/cordapp-template-kotlin/build/nodes/Notary/corda.jar!/reference.conf: 28
        "useSsl" : false
    },
    # C:\Users\Administrator\corda_bootcamp\cordapp-template-kotlin\build\nodes\Notary\node.conf: 10
    "rpcUsers" : [],
    # reference.conf @ jar:file:/C:/Users/Administrator/corda_bootcamp/cordapp-template-kotlin/build/nodes/Notary/corda.jar!/reference.conf: 5
    "trustStorePassword" : "trustpass",
    # reference.conf @ jar:file:/C:/Users/Administrator/corda_bootcamp/cordapp-template-kotlin/build/nodes/Notary/corda.jar!/reference.conf: 18
    "useTestClock" : false,
    # reference.conf @ jar:file:/C:/Users/Administrator/corda_bootcamp/cordapp-template-kotlin/build/nodes/Notary/corda.jar!/reference.conf: 19
    "verifierType" : "InMemory"
}
 {}
[INFO ] 2019-01-11T11:58:15,939Z [main] internal.Node.logStartupInfo - Vendor: Corda Open Source {}
[INFO ] 2019-01-11T11:58:15,939Z [main] internal.Node.logStartupInfo - Release: 3.3-corda {}
[INFO ] 2019-01-11T11:58:15,939Z [main] internal.Node.logStartupInfo - Platform Version: 3 {}
[INFO ] 2019-01-11T11:58:15,939Z [main] internal.Node.logStartupInfo - Revision: c834162cd488784a0412bba4c9e638da89912ac2 {}
[INFO ] 2019-01-11T11:58:15,939Z [main] internal.Node.logStartupInfo - PID: 2548 {}
[INFO ] 2019-01-11T11:58:15,939Z [main] internal.Node.logStartupInfo - Main class: /C:/Users/Administrator/corda_bootcamp/cordapp-template-kotlin/build/nodes/.cache/apps/net.corda.node.Corda_3.3-corda/corda-node-3.3-corda.jar {}
[INFO ] 2019-01-11T11:58:15,939Z [main] internal.Node.logStartupInfo - CommandLine Args: -Xmx200m -XX:+UseG1GC -javaagent:C:\Users\Administrator\corda_bootcamp\cordapp-template-kotlin\build\nodes\Notary\corda.jar -javaagent:C:\Users\Administrator\corda_bootcamp\cordapp-template-kotlin\build\nodes\.cache\apps\net.corda.node.Corda_3.3-corda\quasar-core-0.7.9-jdk8.jar=x(antlr**;bftsmart**;ch**;co.paralleluniverse**;com.codahale**;com.esotericsoftware**;com.fasterxml**;com.google**;com.ibm**;com.intellij**;com.jcabi**;com.nhaarman**;com.opengamma**;com.typesafe**;com.zaxxer**;de.javakaffee**;groovy**;groovyjarjarantlr**;groovyjarjarasm**;io.atomix**;io.github**;io.netty**;jdk**;joptsimple**;junit**;kotlin**;net.bytebuddy**;net.i2p**;org.apache**;org.assertj**;org.bouncycastle**;org.codehaus**;org.crsh**;org.dom4j**;org.fusesource**;org.h2**;org.hamcrest**;org.hibernate**;org.jboss**;org.jcp**;org.joda**;org.junit**;org.mockito**;org.objectweb**;org.objenesis**;org.slf4j**;org.w3c**;org.xml**;org.yaml**;reflectasm**;rx**;org.jolokia**) -Dcapsule.address=0.0.0.0 -Dvisualvm.display.name=Corda -Djava.library.path=C:\Program Files\Java\jdk1.8.0_171\bin;C:\Windows\Sun\Java\bin;C:\Windows\system32;C:\Windows;C:\Program Files (x86)\Common Files\Oracle\Java\javapath;C:\Windows\system32;C:\Windows;C:\Windows\System32\Wbem;C:\Windows\System32\WindowsPowerShell\v1.0;C:\Program Files\Java\jdk1.8.0_171\bin;C:\Program Files\Git\cmd;C:\Users\Administrator\corda_bootcamp\cordapp-template-kotlin\build\nodes\.cache\apps\net.corda.node.Corda_3.3-corda -Dcapsule.log=1 -Dcapsule.app=net.corda.node.Corda_3.3-corda -Dcapsule.port=65421 -Dcapsule.dir=C:\Users\Administrator\corda_bootcamp\cordapp-template-kotlin\build\nodes\.cache\apps\net.corda.node.Corda_3.3-corda -Dcapsule.jar=C:\Users\Administrator\corda_bootcamp\cordapp-template-kotlin\build\nodes\Notary\corda.jar {}
[INFO ] 2019-01-11T11:58:15,939Z [main] internal.Node.logStartupInfo - Application Args: --just-generate-node-info {}
[INFO ] 2019-01-11T11:58:15,955Z [main] internal.Node.logStartupInfo - bootclasspath: C:\Program Files\Java\jdk1.8.0_171\jre\lib\resources.jar;C:\Program Files\Java\jdk1.8.0_171\jre\lib\rt.jar;C:\Program Files\Java\jdk1.8.0_171\jre\lib\sunrsasign.jar;C:\Program Files\Java\jdk1.8.0_171\jre\lib\jsse.jar;C:\Program Files\Java\jdk1.8.0_171\jre\lib\jce.jar;C:\Program Files\Java\jdk1.8.0_171\jre\lib\charsets.jar;C:\Program Files\Java\jdk1.8.0_171\jre\lib\jfr.jar;C:\Program Files\Java\jdk1.8.0_171\jre\classes {}
[INFO ] 2019-01-11T11:58:15,955Z [main] internal.Node.logStartupInfo - classpath: C:\Users\Administrator\corda_bootcamp\cordapp-template-kotlin\build\nodes\Notary\corda.jar;C:\Users\Administrator\corda_bootcamp\cordapp-template-kotlin\build\nodes\.cache\apps\net.corda.node.Corda_3.3-corda\corda-rpc-3.3-corda.jar;C:\Users\Administrator\corda_bootcamp\cordapp-template-kotlin\build\nodes\.cache\apps\net.corda.node.Corda_3.3-corda\corda-node-api-3.3-corda.jar;C:\Users\Administrator\corda_bootcamp\cordapp-template-kotlin\build\nodes\.cache\apps\net.corda.node.Corda_3.3-corda\corda-confidential-identities-3.3-corda.jar;C:\Users\Administrator\corda_bootcamp\cordapp-template-kotlin\build\nodes\.cache\apps\net.corda.node.Corda_3.3-corda\cordform-common-3.2.1.jar;C:\Users\Administrator\corda_bootcamp\cordapp-template-kotlin\build\nodes\.cache\apps\net.corda.node.Corda_3.3-corda\log4j-slf4j-impl-2.9.1.jar;C:\Users\Administrator\corda_bootcamp\cordapp-template-kotlin\build\nodes\.cache\apps\net.corda.node.Corda_3.3-corda\log4j-web-2.9.1.jar;C:\Users\Administrator\corda_bootcamp\cordapp-template-kotlin\build\nodes\.cache\apps\net.corda.node.Corda_3.3-corda\jul-to-slf4j-1.7.25.jar;C:\Users\Administrator\corda_bootcamp\cordapp-template-kotlin\build\nodes\.cache\apps\net.corda.node.Corda_3.3-corda\corda-jackson-3.3-corda.jar;C:\Users\Administrator\corda_bootcamp\cordapp-template-kotlin\build\nodes\.cache\apps\net.corda.node.Corda_3.3-corda\corda-core-3.3-corda.jar;C:\Users\Administrator\corda_bootcamp\cordapp-template-kotlin\build\nodes\.cache\apps\net.corda.node.Corda_3.3-corda\kotlin-stdlib-jre8-1.1.60.jar;C:\Users\Administrator\corda_bootcamp\cordapp-template-kotlin\build\nodes\.cache\apps\net.corda.node.Corda_3.3-corda\jackson-module-kotlin-2.9.2.jar;C:\Users\Administrator\corda_bootcamp\cordapp-template-kotlin\build\nodes\.cache\apps\net.corda.node.Corda_3.3-corda\kotlin-reflect-1.1.60.jar;C:\Users\Administrator\corda_bootcamp\cordapp-template-kotlin\build\nodes\.cache\apps\net.corda.node.Corda_3.3-corda\jimfs-1.1.jar;C:\Users\Administrator\corda_bootcamp\cordapp-template-kotlin\build\nodes\.cache\apps\net.corda.node.Corda_3.3-corda\artemis-amqp-protocol-2.2.0.jar;C:\Users\Administrator\corda_bootcamp\cordapp-template-kotlin\build\nodes\.cache\apps\net.corda.node.Corda_3.3-corda\artemis-server-2.2.0.jar;C:\Users\Administrator\corda_bootcamp\cordapp-template-kotlin\build\nodes\.cache\apps\net.corda.node.Corda_3.3-corda\artemis-jdbc-store-2.2.0.jar;C:\Users\Administrator\corda_bootcamp\cordapp-template-kotlin\build\nodes\.cache\apps\net.corda.node.Corda_3.3-corda\artemis-jms-client-2.2.0.jar;C:\Users\Administrator\corda_bootcamp\cordapp-template-kotlin\build\nodes\.cache\apps\net.corda.node.Corda_3.3-corda\artemis-core-client-2.2.0.jar;C:\Users\Administrator\corda_bootcamp\cordapp-template-kotlin\build\nodes\.cache\apps\net.corda.node.Corda_3.3-corda\artemis-journal-2.2.0.jar;C:\Users\Administrator\corda_bootcamp\cordapp-template-kotlin\build\nodes\.cache\apps\net.corda.node.Corda_3.3-corda\artemis-commons-2.2.0.jar;C:\Users\Administrator\corda_bootcamp\cordapp-template-kotlin\build\nodes\.cache\apps\net.corda.node.Corda_3.3-corda\guava-21.0.jar;C:\Users\Administrator\corda_bootcamp\cordapp-template-kotlin\build\nodes\.cache\apps\net.corda.node.Corda_3.3-corda\jopt-simple-5.0.2.jar;C:\Users\Administrator\corda_bootcamp\cordapp-template-kotlin\build\nodes\.cache\apps\net.corda.node.Corda_3.3-corda\commons-collections4-4.1.jar;C:\Users\Administrator\corda_bootcamp\cordapp-template-kotlin\build\nodes\.cache\apps\net.corda.node.Corda_3.3-corda\shiro-core-1.4.0.jar;C:\Users\Administrator\corda_bootcamp\cordapp-template-kotlin\build\nodes\.cache\apps\net.corda.node.Corda_3.3-corda\shiro-config-ogdl-1.4.0.jar;C:\Users\Administrator\corda_bootcamp\cordapp-template-kotlin\build\nodes\.cache\apps\net.corda.node.Corda_3.3-corda\commons-beanutils-1.9.3.jar;C:\Users\Administrator\corda_bootcamp\cordapp-template-kotlin\build\nodes\.cache\apps\net.corda.node.Corda_3.3-corda\jansi-1.14.jar;C:\Users\Administrator\corda_bootcamp\cordapp-template-kotlin\build\nodes\.cache\apps\net.corda.node.Corda_3.3-corda\jcabi-manifests-1.1.jar;C:\Users\Administrator\corda_bootcamp\cordapp-template-kotlin\build\nodes\.cache\apps\net.corda.node.Corda_3.3-corda\forms_rt-7.0.3.jar;C:\Users\Administrator\corda_bootcamp\cordapp-template-kotlin\build\nodes\.cache\apps\net.corda.node.Corda_3.3-corda\metrics-core-3.1.2.jar;C:\Users\Administrator\corda_bootcamp\cordapp-template-kotlin\build\nodes\.cache\apps\net.corda.node.Corda_3.3-corda\config-1.3.1.jar;C:\Users\Administrator\corda_bootcamp\cordapp-template-kotlin\build\nodes\.cache\apps\net.corda.node.Corda_3.3-corda\h2-1.4.194.jar;C:\Users\Administrator\corda_bootcamp\cordapp-template-kotlin\build\nodes\.cache\apps\net.corda.node.Corda_3.3-corda\postgresql-42.1.4.jar;C:\Users\Administrator\corda_bootcamp\cordapp-template-kotlin\build\nodes\.cache\apps\net.corda.node.Corda_3.3-corda\HikariCP-2.5.1.jar;C:\Users\Administrator\corda_bootcamp\cordapp-template-kotlin\build\nodes\.cache\apps\net.corda.node.Corda_3.3-corda\hibernate-java8-5.2.6.Final.jar;C:\Users\Administrator\corda_bootcamp\cordapp-template-kotlin\build\nodes\.cache\apps\net.corda.node.Corda_3.3-corda\hibernate-core-5.2.6.Final.jar;C:\Users\Administrator\corda_bootcamp\cordapp-template-kotlin\build\nodes\.cache\apps\net.corda.node.Corda_3.3-corda\copycat-client-1.2.3.jar;C:\Users\Administrator\corda_bootcamp\cordapp-template-kotlin\build\nodes\.cache\apps\net.corda.node.Corda_3.3-corda\copycat-server-1.2.3.jar;C:\Users\Administrator\corda_bootcamp\cordapp-template-kotlin\build\nodes\.cache\apps\net.corda.node.Corda_3.3-corda\catalyst-netty-1.1.2.jar;C:\Users\Administrator\corda_bootcamp\cordapp-template-kotlin\build\nodes\.cache\apps\net.corda.node.Corda_3.3-corda\netty-all-4.1.9.Final.jar;C:\Users\Administrator\corda_bootcamp\cordapp-template-kotlin\build\nodes\.cache\apps\net.corda.node.Corda_3.3-corda\crash.connectors.ssh-cadb53544fbb3c0fb901445da614998a6a419488.jar;C:\Users\Administrator\corda_bootcamp\cordapp-template-kotlin\build\nodes\.cache\apps\net.corda.node.Corda_3.3-corda\crash.shell-cadb53544fbb3c0fb901445da614998a6a419488.jar;C:\Users\Administrator\corda_bootcamp\cordapp-template-kotlin\build\nodes\.cache\apps\net.corda.node.Corda_3.3-corda\okhttp-3.5.0.jar;C:\Users\Administrator\corda_bootcamp\cordapp-template-kotlin\build\nodes\.cache\apps\net.corda.node.Corda_3.3-corda\commons-codec-1.10.jar;C:\Users\Administrator\corda_bootcamp\cordapp-template-kotlin\build\nodes\.cache\apps\net.corda.node.Corda_3.3-corda\library-master-v1.1-beta-g6215ec8-87.jar;C:\Users\Administrator\corda_bootcamp\cordapp-template-kotlin\build\nodes\.cache\apps\net.corda.node.Corda_3.3-corda\jolokia-jvm-1.6.0-agent.jar;C:\Users\Administrator\corda_bootcamp\cordapp-template-kotlin\build\nodes\.cache\apps\net.corda.node.Corda_3.3-corda\quasar-core-0.7.9-jdk8.jar;C:\Users\Administrator\corda_bootcamp\cordapp-template-kotlin\build\nodes\.cache\apps\net.corda.node.Corda_3.3-corda\commons-fileupload-1.3.3.jar;C:\Users\Administrator\corda_bootcamp\cordapp-template-kotlin\build\nodes\.cache\apps\net.corda.node.Corda_3.3-corda\kryo-serializers-0.41.jar;C:\Users\Administrator\corda_bootcamp\cordapp-template-kotlin\build\nodes\.cache\apps\net.corda.node.Corda_3.3-corda\kryo-4.0.0.jar;C:\Users\Administrator\corda_bootcamp\cordapp-template-kotlin\build\nodes\.cache\apps\net.corda.node.Corda_3.3-corda\proton-j-0.21.0.jar;C:\Users\Administrator\corda_bootcamp\cordapp-template-kotlin\build\nodes\.cache\apps\net.corda.node.Corda_3.3-corda\fast-classpath-scanner-2.12.3.jar;C:\Users\Administrator\corda_bootcamp\cordapp-template-kotlin\build\nodes\.cache\apps\net.corda.node.Corda_3.3-corda\jsr305-3.0.2.jar;C:\Users\Administrator\corda_bootcamp\cordapp-template-kotlin\build\nodes\.cache\apps\net.corda.node.Corda_3.3-corda\jcabi-log-0.14.jar;C:\Users\Administrator\corda_bootcamp\cordapp-template-kotlin\build\nodes\.cache\apps\net.corda.node.Corda_3.3-corda\copycat-protocol-1.2.3.jar;C:\Users\Administrator\corda_bootcamp\cordapp-template-kotlin\build\nodes\.cache\apps\net.corda.node.Corda_3.3-corda\catalyst-transport-1.1.2.jar;C:\Users\Administrator\corda_bootcamp\cordapp-template-kotlin\build\nodes\.cache\apps\net.corda.node.Corda_3.3-corda\mina-core-2.0.16.jar;C:\Users\Administrator\corda_bootcamp\cordapp-template-kotlin\build\nodes\.cache\apps\net.corda.node.Corda_3.3-corda\shiro-cache-1.4.0.jar;C:\Users\Administrator\corda_bootcamp\cordapp-template-kotlin\build\nodes\.cache\apps\net.corda.node.Corda_3.3-corda\shiro-crypto-hash-1.4.0.jar;C:\Users\Administrator\corda_bootcamp\cordapp-template-kotlin\build\nodes\.cache\apps\net.corda.node.Corda_3.3-corda\shiro-crypto-cipher-1.4.0.jar;C:\Users\Administrator\corda_bootcamp\cordapp-template-kotlin\build\nodes\.cache\apps\net.corda.node.Corda_3.3-corda\shiro-config-core-1.4.0.jar;C:\Users\Administrator\corda_bootcamp\cordapp-template-kotlin\build\nodes\.cache\apps\net.corda.node.Corda_3.3-corda\shiro-event-1.4.0.jar;C:\Users\Administrator\corda_bootcamp\cordapp-template-kotlin\build\nodes\.cache\apps\net.corda.node.Corda_3.3-corda\shiro-crypto-core-1.4.0.jar;C:\Users\Administrator\corda_bootcamp\cordapp-template-kotlin\build\nodes\.cache\apps\net.corda.node.Corda_3.3-corda\shiro-lang-1.4.0.jar;C:\Users\Administrator\corda_bootcamp\cordapp-template-kotlin\build\nodes\.cache\apps\net.corda.node.Corda_3.3-corda\jcl-over-slf4j-1.7.25.jar;C:\Users\Administrator\corda_bootcamp\cordapp-template-kotlin\build\nodes\.cache\apps\net.corda.node.Corda_3.3-corda\catalyst-concurrent-1.1.2.jar;C:\Users\Administrator\corda_bootcamp\cordapp-template-kotlin\build\nodes\.cache\apps\net.corda.node.Corda_3.3-corda\catalyst-serializer-1.1.2.jar;C:\Users\Administrator\corda_bootcamp\cordapp-template-kotlin\build\nodes\.cache\apps\net.corda.node.Corda_3.3-corda\catalyst-buffer-1.1.2.jar;C:\Users\Administrator\corda_bootcamp\cordapp-template-kotlin\build\nodes\.cache\apps\net.corda.node.Corda_3.3-corda\catalyst-common-1.1.2.jar;C:\Users\Administrator\corda_bootcamp\cordapp-template-kotlin\build\nodes\.cache\apps\net.corda.node.Corda_3.3-corda\sshd-pam-0.11.0.jar;C:\Users\Administrator\corda_bootcamp\cordapp-template-kotlin\build\nodes\.cache\apps\net.corda.node.Corda_3.3-corda\sshd-core-1.6.0.jar;C:\Users\Administrator\corda_bootcamp\cordapp-template-kotlin\build\nodes\.cache\apps\net.corda.node.Corda_3.3-corda\slf4j-api-1.7.25.jar;C:\Users\Administrator\corda_bootcamp\cordapp-template-kotlin\build\nodes\.cache\apps\net.corda.node.Corda_3.3-corda\log4j-core-2.9.1.jar;C:\Users\Administrator\corda_bootcamp\cordapp-template-kotlin\build\nodes\.cache\apps\net.corda.node.Corda_3.3-corda\log4j-api-2.9.1.jar;C:\Users\Administrator\corda_bootcamp\cordapp-template-kotlin\build\nodes\.cache\apps\net.corda.node.Corda_3.3-corda\kotlin-stdlib-jre7-1.1.60.jar;C:\Users\Administrator\corda_bootcamp\cordapp-template-kotlin\build\nodes\.cache\apps\net.corda.node.Corda_3.3-corda\kotlin-stdlib-1.1.60.jar;C:\Users\Administrator\corda_bootcamp\cordapp-template-kotlin\build\nodes\.cache\apps\net.corda.node.Corda_3.3-corda\commons-collections-3.2.2.jar;C:\Users\Administrator\corda_bootcamp\cordapp-template-kotlin\build\nodes\.cache\apps\net.corda.node.Corda_3.3-corda\hibernate-commons-annotations-5.0.1.Final.jar;C:\Users\Administrator\corda_bootcamp\cordapp-template-kotlin\build\nodes\.cache\apps\net.corda.node.Corda_3.3-corda\artemis-native-2.2.0.jar;C:\Users\Administrator\corda_bootcamp\cordapp-template-kotlin\build\nodes\.cache\apps\net.corda.node.Corda_3.3-corda\jboss-logging-3.3.0.Final.jar;C:\Users\Administrator\corda_bootcamp\cordapp-template-kotlin\build\nodes\.cache\apps\net.corda.node.Corda_3.3-corda\artemis-selector-2.2.0.jar;C:\Users\Administrator\corda_bootcamp\cordapp-template-kotlin\build\nodes\.cache\apps\net.corda.node.Corda_3.3-corda\jgroups-3.6.13.Final.jar;C:\Users\Administrator\corda_bootcamp\cordapp-template-kotlin\build\nodes\.cache\apps\net.corda.node.Corda_3.3-corda\geronimo-json_1.0_spec-1.0-alpha-1.jar;C:\Users\Administrator\corda_bootcamp\cordapp-template-kotlin\build\nodes\.cache\apps\net.corda.node.Corda_3.3-corda\johnzon-core-0.9.5.jar;C:\Users\Administrator\corda_bootcamp\cordapp-template-kotlin\build\nodes\.cache\apps\net.corda.node.Corda_3.3-corda\forms-1.1-preview.jar;C:\Users\Administrator\corda_bootcamp\cordapp-template-kotlin\build\nodes\.cache\apps\net.corda.node.Corda_3.3-corda\jdom-1.0.jar;C:\Users\Administrator\corda_bootcamp\cordapp-template-kotlin\build\nodes\.cache\apps\net.corda.node.Corda_3.3-corda\jackson-dataformat-yaml-2.9.2.jar;C:\Users\Administrator\corda_bootcamp\cordapp-template-kotlin\build\nodes\.cache\apps\net.corda.node.Corda_3.3-corda\jackson-datatype-jsr310-2.9.2.jar;C:\Users\Administrator\corda_bootcamp\cordapp-template-kotlin\build\nodes\.cache\apps\net.corda.node.Corda_3.3-corda\hibernate-jpa-2.1-api-1.0.0.Final.jar;C:\Users\Administrator\corda_bootcamp\cordapp-template-kotlin\build\nodes\.cache\apps\net.corda.node.Corda_3.3-corda\javassist-3.20.0-GA.jar;C:\Users\Administrator\corda_bootcamp\cordapp-template-kotlin\build\nodes\.cache\apps\net.corda.node.Corda_3.3-corda\antlr-2.7.7.jar;C:\Users\Administrator\corda_bootcamp\cordapp-template-kotlin\build\nodes\.cache\apps\net.corda.node.Corda_3.3-corda\geronimo-jta_1.1_spec-1.1.1.jar;C:\Users\Administrator\corda_bootcamp\cordapp-template-kotlin\build\nodes\.cache\apps\net.corda.node.Corda_3.3-corda\jandex-2.0.3.Final.jar;C:\Users\Administrator\corda_bootcamp\cordapp-template-kotlin\build\nodes\.cache\apps\net.corda.node.Corda_3.3-corda\classmate-1.3.0.jar;C:\Users\Administrator\corda_bootcamp\cordapp-template-kotlin\build\nodes\.cache\apps\net.corda.node.Corda_3.3-corda\dom4j-1.6.1.jar;C:\Users\Administrator\corda_bootcamp\cordapp-template-kotlin\build\nodes\.cache\apps\net.corda.node.Corda_3.3-corda\cdi-api-1.1.jar;C:\Users\Administrator\corda_bootcamp\cordapp-template-kotlin\build\nodes\.cache\apps\net.corda.node.Corda_3.3-corda\crash.cli-cadb53544fbb3c0fb901445da614998a6a419488.jar;C:\Users\Administrator\corda_bootcamp\cordapp-template-kotlin\build\nodes\.cache\apps\net.corda.node.Corda_3.3-corda\groovy-all-1.8.9.jar;C:\Users\Administrator\corda_bootcamp\cordapp-template-kotlin\build\nodes\.cache\apps\net.corda.node.Corda_3.3-corda\okio-1.11.0.jar;C:\Users\Administrator\corda_bootcamp\cordapp-template-kotlin\build\nodes\.cache\apps\net.corda.node.Corda_3.3-corda\jolokia-core-1.6.0.jar;C:\Users\Administrator\corda_bootcamp\cordapp-template-kotlin\build\nodes\.cache\apps\net.corda.node.Corda_3.3-corda\json-simple-1.1.1.jar;C:\Users\Administrator\corda_bootcamp\cordapp-template-kotlin\build\nodes\.cache\apps\net.corda.node.Corda_3.3-corda\rxjava-1.2.4.jar;C:\Users\Administrator\corda_bootcamp\cordapp-template-kotlin\build\nodes\.cache\apps\net.corda.node.Corda_3.3-corda\commons-jexl3-3.0.jar;C:\Users\Administrator\corda_bootcamp\cordapp-template-kotlin\build\nodes\.cache\apps\net.corda.node.Corda_3.3-corda\jackson-databind-2.9.2.jar;C:\Users\Administrator\corda_bootcamp\cordapp-template-kotlin\build\nodes\.cache\apps\net.corda.node.Corda_3.3-corda\eddsa-0.2.0.jar;C:\Users\Administrator\corda_bootcamp\cordapp-template-kotlin\build\nodes\.cache\apps\net.corda.node.Corda_3.3-corda\bcpkix-jdk15on-1.57.jar;C:\Users\Administrator\corda_bootcamp\cordapp-template-kotlin\build\nodes\.cache\apps\net.corda.node.Corda_3.3-corda\bcprov-jdk15on-1.57.jar;C:\Users\Administrator\corda_bootcamp\cordapp-template-kotlin\build\nodes\.cache\apps\net.corda.node.Corda_3.3-corda\commons-io-2.2.jar;C:\Users\Administrator\corda_bootcamp\cordapp-template-kotlin\build\nodes\.cache\apps\net.corda.node.Corda_3.3-corda\reflectasm-1.11.3.jar;C:\Users\Administrator\corda_bootcamp\cordapp-template-kotlin\build\nodes\.cache\apps\net.corda.node.Corda_3.3-corda\minlog-1.3.0.jar;C:\Users\Administrator\corda_bootcamp\cordapp-template-kotlin\build\nodes\.cache\apps\net.corda.node.Corda_3.3-corda\objenesis-2.2.jar;C:\Users\Administrator\corda_bootcamp\cordapp-template-kotlin\build\nodes\.cache\apps\net.corda.node.Corda_3.3-corda\annotations-13.0.jar;C:\Users\Administrator\corda_bootcamp\cordapp-template-kotlin\build\nodes\.cache\apps\net.corda.node.Corda_3.3-corda\jackson-annotations-2.9.0.jar;C:\Users\Administrator\corda_bootcamp\cordapp-template-kotlin\build\nodes\.cache\apps\net.corda.node.Corda_3.3-corda\snakeyaml-1.18.jar;C:\Users\Administrator\corda_bootcamp\cordapp-template-kotlin\build\nodes\.cache\apps\net.corda.node.Corda_3.3-corda\jackson-core-2.9.2.jar;C:\Users\Administrator\corda_bootcamp\cordapp-template-kotlin\build\nodes\.cache\apps\net.corda.node.Corda_3.3-corda\el-api-2.2.jar;C:\Users\Administrator\corda_bootcamp\cordapp-template-kotlin\build\nodes\.cache\apps\net.corda.node.Corda_3.3-corda\jboss-interceptors-api_1.1_spec-1.0.0.Beta1.jar;C:\Users\Administrator\corda_bootcamp\cordapp-template-kotlin\build\nodes\.cache\apps\net.corda.node.Corda_3.3-corda\jsr250-api-1.0.jar;C:\Users\Administrator\corda_bootcamp\cordapp-template-kotlin\build\nodes\.cache\apps\net.corda.node.Corda_3.3-corda\javax.inject-1.jar;C:\Users\Administrator\corda_bootcamp\cordapp-template-kotlin\build\nodes\.cache\apps\net.corda.node.Corda_3.3-corda\jpam-1.1.jar;C:\Users\Administrator\corda_bootcamp\cordapp-template-kotlin\build\nodes\.cache\apps\net.corda.node.Corda_3.3-corda\geronimo-jms_2.0_spec-1.0-alpha-2.jar;C:\Users\Administrator\corda_bootcamp\cordapp-template-kotlin\build\nodes\.cache\apps\net.corda.node.Corda_3.3-corda\asm-5.0.4.jar;C:\Users\Administrator\corda_bootcamp\cordapp-template-kotlin\build\nodes\.cache\apps\net.corda.node.Corda_3.3-corda\corda-node-3.3-corda.jar;C:\Users\Administrator\corda_bootcamp\cordapp-template-kotlin\build\nodes\Notary\corda.jar;C:\Users\Administrator\corda_bootcamp\cordapp-template-kotlin\build\nodes\.cache\apps\net.corda.node.Corda_3.3-corda\quasar-core-0.7.9-jdk8.jar {}
[INFO ] 2019-01-11T11:58:15,955Z [main] internal.Node.logStartupInfo - VM Java HotSpot(TM) 64-Bit Server VM Oracle Corporation 25.171-b11 {}
[INFO ] 2019-01-11T11:58:15,955Z [main] internal.Node.logStartupInfo - Machine: MASTER-CORDA {}
[INFO ] 2019-01-11T11:58:15,955Z [main] internal.Node.logStartupInfo - Working Directory: C:\Users\Administrator\corda_bootcamp\cordapp-template-kotlin\build\nodes\Notary {}
[INFO ] 2019-01-11T11:58:15,955Z [main] internal.Node.logStartupInfo - Starting as node on localhost:10002 {}
[INFO ] 2019-01-11T11:58:16,814Z [main] cordapp.CordappLoader.<init> - No CorDapp paths provided {}
[INFO ] 2019-01-11T11:58:18,017Z [main] internal.Node.generateAndSaveNodeInfo - Generating nodeInfo ... {}
[WARN ] 2019-01-11T11:58:18,017Z [main] internal.Node.initCertificate - Corda node is running in dev mode. {}
[INFO ] 2019-01-11T11:58:21,002Z [main] internal.Node.obtainIdentity - identity-private-key not found in key store C:\Users\Administrator\corda_bootcamp\cordapp-template-kotlin\build\nodes\Notary\certificates\nodekeystore.jks, generating fresh key! {}
[INFO ] 2019-01-11T11:58:21,667Z [main] BasicInfo.printBasicNodeInfo - Database connection url is              : jdbc:h2:tcp://10.44.206.251:65429/node {}
[INFO ] 2019-01-11T11:58:21,855Z [main] hikari.HikariDataSource.<init> - HikariPool-1 - Started. {}
[INFO ] 2019-01-11T11:58:22,355Z [main] internal.Node.invoke - Connected to H2 database. {}
[INFO ] 2019-01-11T11:58:22,449Z [main] persistence.HibernateConfiguration.<init> - Init HibernateConfiguration for schemas: [CommonSchemaV1(name=net.corda.core.schemas.CommonSchema, version=1), VaultSchemaV1(name=net.corda.node.services.vault.VaultSchema, version=1), NodeInfoSchemaV1(name=net.corda.node.internal.schemas.NodeInfoSchema, version=1), NodeCoreV1(name=net.corda.node.services.schema.NodeSchemaService$NodeCore, version=1)] {}
[INFO ] 2019-01-11T11:58:22,558Z [main] persistence.HibernateConfiguration.makeSessionFactoryForSchemas - Creating session factory for schemas: [CommonSchemaV1(name=net.corda.core.schemas.CommonSchema, version=1), VaultSchemaV1(name=net.corda.node.services.vault.VaultSchema, version=1), NodeInfoSchemaV1(name=net.corda.node.internal.schemas.NodeInfoSchema, version=1), NodeCoreV1(name=net.corda.node.services.schema.NodeSchemaService$NodeCore, version=1)] {}
[INFO ] 2019-01-11T11:58:23,277Z [main] hibernate.Version.logVersion - HHH000412: Hibernate Core {5.2.6.Final} {}
[INFO ] 2019-01-11T11:58:23,277Z [main] cfg.Environment.<clinit> - HHH000206: hibernate.properties not found {}
[INFO ] 2019-01-11T11:58:23,542Z [main] common.Version.<clinit> - HCANN000001: Hibernate Commons Annotations {5.0.1.Final} {}
[INFO ] 2019-01-11T11:58:23,949Z [main] internal.ConnectionProviderInitiator.initiateService - HHH000130: Instantiating explicit connection provider: net.corda.nodeapi.internal.persistence.HibernateConfiguration$NodeDatabaseConnectionProvider {}
[INFO ] 2019-01-11T11:58:23,996Z [main] dialect.Dialect.<init> - HHH000400: Using dialect: org.hibernate.dialect.H2Dialect {}
[INFO ] 2019-01-11T11:58:24,167Z [main] type.BasicTypeRegistry.register - HHH000270: Type registration [materialized_blob] overrides previous : org.hibernate.type.MaterializedBlobType@78307a56 {}
[INFO ] 2019-01-11T11:58:28,730Z [main] connections.access.getIsolatedConnection - HHH10001501: Connection obtained from JdbcConnectionAccess [org.hibernate.engine.jdbc.env.internal.JdbcEnvironmentInitiator$ConnectionProviderJdbcConnectionAccess@4052913c] for (non-JTA) DDL execution was not in auto-commit mode; the Connection 'local transaction' will be committed and the Connection will be set into auto-commit mode. {}
[INFO ] 2019-01-11T11:58:28,964Z [main] persistence.HibernateConfiguration.makeSessionFactoryForSchemas - Created session factory for schemas: [CommonSchemaV1(name=net.corda.core.schemas.CommonSchema, version=1), VaultSchemaV1(name=net.corda.node.services.vault.VaultSchema, version=1), NodeInfoSchemaV1(name=net.corda.node.internal.schemas.NodeInfoSchema, version=1), NodeCoreV1(name=net.corda.node.services.schema.NodeSchemaService$NodeCore, version=1)] {}
[INFO ] 2019-01-11T11:58:29,548Z [main] internal.QueryTranslatorFactoryInitiator.initiateService - HHH000397: Using ASTQueryTranslatorFactory {}
[INFO ] 2019-01-11T11:58:31,735Z [main] internal.Node.updateNodeInfo - Node-info has changed so submitting update. Old node-info was null {}
[INFO ] 2019-01-11T11:58:31,735Z [main] network.PersistentNetworkMapCache.addNode - Adding node with info: NodeInfo(addresses=[localhost:10002], legalIdentitiesAndCerts=[O=Notary, L=London, C=GB], platformVersion=3, serial=1547207911735) {}
[INFO ] 2019-01-11T11:58:31,814Z [main] network.PersistentNetworkMapCache.addNode - No previous node found {}
[INFO ] 2019-01-11T11:58:33,450Z [main] network.PersistentNetworkMapCache.addNode - Done adding node with info: NodeInfo(addresses=[localhost:10002], legalIdentitiesAndCerts=[O=Notary, L=London, C=GB], platformVersion=3, serial=1547207911735) {}
[INFO ] 2019-01-11T11:58:33,450Z [main] internal.Node.updateNodeInfo - New node-info: NodeInfo(addresses=[localhost:10002], legalIdentitiesAndCerts=[O=Notary, L=London, C=GB], platformVersion=3, serial=1547207911735) {}
[INFO ] 2019-01-11T11:58:34,137Z [main] internal.Node.run - Node exiting successfully {}
[INFO ] 2019-01-11T12:00:14,857Z [main] internal.Node.logStartupInfo - Vendor: Corda Open Source {}
[INFO ] 2019-01-11T12:00:14,873Z [main] internal.Node.logStartupInfo - Release: 3.3-corda {}
[INFO ] 2019-01-11T12:00:14,873Z [main] internal.Node.logStartupInfo - Platform Version: 3 {}
[INFO ] 2019-01-11T12:00:14,873Z [main] internal.Node.logStartupInfo - Revision: c834162cd488784a0412bba4c9e638da89912ac2 {}
[INFO ] 2019-01-11T12:00:14,904Z [main] internal.Node.logStartupInfo - PID: 8520 {}
[INFO ] 2019-01-11T12:00:14,904Z [main] internal.Node.logStartupInfo - Main class: /C:/Users/Administrator/AppData/Local/capsule/apps/net.corda.node.Corda_3.3-corda/corda-node-3.3-corda.jar {}
[INFO ] 2019-01-11T12:00:14,904Z [main] internal.Node.logStartupInfo - CommandLine Args: -Xmx200m -XX:+UseG1GC -agentlib:jdwp=transport=dt_socket,server=y,suspend=n,address=5005 -javaagent:drivers/jolokia-jvm-1.3.7-agent.jar=port=7005,logHandlerClass=net.corda.node.JolokiaSlf4Adapter -javaagent:C:\Users\Administrator\corda_bootcamp\cordapp-template-kotlin\build\nodes\Notary\corda.jar -javaagent:C:\Users\Administrator\AppData\Local\capsule\apps\net.corda.node.Corda_3.3-corda\quasar-core-0.7.9-jdk8.jar=x(antlr**;bftsmart**;ch**;co.paralleluniverse**;com.codahale**;com.esotericsoftware**;com.fasterxml**;com.google**;com.ibm**;com.intellij**;com.jcabi**;com.nhaarman**;com.opengamma**;com.typesafe**;com.zaxxer**;de.javakaffee**;groovy**;groovyjarjarantlr**;groovyjarjarasm**;io.atomix**;io.github**;io.netty**;jdk**;joptsimple**;junit**;kotlin**;net.bytebuddy**;net.i2p**;org.apache**;org.assertj**;org.bouncycastle**;org.codehaus**;org.crsh**;org.dom4j**;org.fusesource**;org.h2**;org.hamcrest**;org.hibernate**;org.jboss**;org.jcp**;org.joda**;org.junit**;org.mockito**;org.objectweb**;org.objenesis**;org.slf4j**;org.w3c**;org.xml**;org.yaml**;reflectasm**;rx**;org.jolokia**) -Dcapsule.address=0.0.0.0 -Dvisualvm.display.name=Corda -Djava.library.path=C:\Program Files\Java\jre1.8.0_171\bin;C:\Windows\Sun\Java\bin;C:\Windows\system32;C:\Windows;C:\Program Files (x86)\Common Files\Oracle\Java\javapath;C:\Windows\system32;C:\Windows;C:\Windows\System32\Wbem;C:\Windows\System32\WindowsPowerShell\v1.0;C:\Program Files\Java\jdk1.8.0_171\bin;C:\Program Files\Git\cmd;C:\Users\Administrator\AppData\Local\capsule\apps\net.corda.node.Corda_3.3-corda -Dcapsule.log=1 -Dcapsule.app=net.corda.node.Corda_3.3-corda -Dcapsule.port=65445 -Dname=Notary-corda.jar -Dcapsule.jvm.args=-agentlib:jdwp=transport=dt_socket,server=y,suspend=n,address=5005 -javaagent:drivers/jolokia-jvm-1.3.7-agent.jar=port=7005,logHandlerClass=net.corda.node.JolokiaSlf4Adapter -Dcapsule.dir=C:\Users\Administrator\AppData\Local\capsule\apps\net.corda.node.Corda_3.3-corda -Dcapsule.jar=C:\Users\Administrator\corda_bootcamp\cordapp-template-kotlin\build\nodes\Notary\corda.jar {}
[INFO ] 2019-01-11T12:00:14,904Z [main] internal.Node.logStartupInfo - Application Args:  {}
[INFO ] 2019-01-11T12:00:14,904Z [main] internal.Node.logStartupInfo - bootclasspath: C:\Program Files\Java\jre1.8.0_171\lib\resources.jar;C:\Program Files\Java\jre1.8.0_171\lib\rt.jar;C:\Program Files\Java\jre1.8.0_171\lib\sunrsasign.jar;C:\Program Files\Java\jre1.8.0_171\lib\jsse.jar;C:\Program Files\Java\jre1.8.0_171\lib\jce.jar;C:\Program Files\Java\jre1.8.0_171\lib\charsets.jar;C:\Program Files\Java\jre1.8.0_171\lib\jfr.jar;C:\Program Files\Java\jre1.8.0_171\classes {}
[INFO ] 2019-01-11T12:00:14,904Z [main] internal.Node.logStartupInfo - classpath: C:\Users\Administrator\corda_bootcamp\cordapp-template-kotlin\build\nodes\Notary\corda.jar;C:\Users\Administrator\AppData\Local\capsule\apps\net.corda.node.Corda_3.3-corda\corda-rpc-3.3-corda.jar;C:\Users\Administrator\AppData\Local\capsule\apps\net.corda.node.Corda_3.3-corda\corda-node-api-3.3-corda.jar;C:\Users\Administrator\AppData\Local\capsule\apps\net.corda.node.Corda_3.3-corda\corda-confidential-identities-3.3-corda.jar;C:\Users\Administrator\AppData\Local\capsule\apps\net.corda.node.Corda_3.3-corda\cordform-common-3.2.1.jar;C:\Users\Administrator\AppData\Local\capsule\apps\net.corda.node.Corda_3.3-corda\log4j-slf4j-impl-2.9.1.jar;C:\Users\Administrator\AppData\Local\capsule\apps\net.corda.node.Corda_3.3-corda\log4j-web-2.9.1.jar;C:\Users\Administrator\AppData\Local\capsule\apps\net.corda.node.Corda_3.3-corda\jul-to-slf4j-1.7.25.jar;C:\Users\Administrator\AppData\Local\capsule\apps\net.corda.node.Corda_3.3-corda\corda-jackson-3.3-corda.jar;C:\Users\Administrator\AppData\Local\capsule\apps\net.corda.node.Corda_3.3-corda\corda-core-3.3-corda.jar;C:\Users\Administrator\AppData\Local\capsule\apps\net.corda.node.Corda_3.3-corda\kotlin-stdlib-jre8-1.1.60.jar;C:\Users\Administrator\AppData\Local\capsule\apps\net.corda.node.Corda_3.3-corda\jackson-module-kotlin-2.9.2.jar;C:\Users\Administrator\AppData\Local\capsule\apps\net.corda.node.Corda_3.3-corda\kotlin-reflect-1.1.60.jar;C:\Users\Administrator\AppData\Local\capsule\apps\net.corda.node.Corda_3.3-corda\jimfs-1.1.jar;C:\Users\Administrator\AppData\Local\capsule\apps\net.corda.node.Corda_3.3-corda\artemis-amqp-protocol-2.2.0.jar;C:\Users\Administrator\AppData\Local\capsule\apps\net.corda.node.Corda_3.3-corda\artemis-server-2.2.0.jar;C:\Users\Administrator\AppData\Local\capsule\apps\net.corda.node.Corda_3.3-corda\artemis-jdbc-store-2.2.0.jar;C:\Users\Administrator\AppData\Local\capsule\apps\net.corda.node.Corda_3.3-corda\artemis-jms-client-2.2.0.jar;C:\Users\Administrator\AppData\Local\capsule\apps\net.corda.node.Corda_3.3-corda\artemis-core-client-2.2.0.jar;C:\Users\Administrator\AppData\Local\capsule\apps\net.corda.node.Corda_3.3-corda\artemis-journal-2.2.0.jar;C:\Users\Administrator\AppData\Local\capsule\apps\net.corda.node.Corda_3.3-corda\artemis-commons-2.2.0.jar;C:\Users\Administrator\AppData\Local\capsule\apps\net.corda.node.Corda_3.3-corda\guava-21.0.jar;C:\Users\Administrator\AppData\Local\capsule\apps\net.corda.node.Corda_3.3-corda\jopt-simple-5.0.2.jar;C:\Users\Administrator\AppData\Local\capsule\apps\net.corda.node.Corda_3.3-corda\commons-collections4-4.1.jar;C:\Users\Administrator\AppData\Local\capsule\apps\net.corda.node.Corda_3.3-corda\shiro-core-1.4.0.jar;C:\Users\Administrator\AppData\Local\capsule\apps\net.corda.node.Corda_3.3-corda\shiro-config-ogdl-1.4.0.jar;C:\Users\Administrator\AppData\Local\capsule\apps\net.corda.node.Corda_3.3-corda\commons-beanutils-1.9.3.jar;C:\Users\Administrator\AppData\Local\capsule\apps\net.corda.node.Corda_3.3-corda\jansi-1.14.jar;C:\Users\Administrator\AppData\Local\capsule\apps\net.corda.node.Corda_3.3-corda\jcabi-manifests-1.1.jar;C:\Users\Administrator\AppData\Local\capsule\apps\net.corda.node.Corda_3.3-corda\forms_rt-7.0.3.jar;C:\Users\Administrator\AppData\Local\capsule\apps\net.corda.node.Corda_3.3-corda\metrics-core-3.1.2.jar;C:\Users\Administrator\AppData\Local\capsule\apps\net.corda.node.Corda_3.3-corda\config-1.3.1.jar;C:\Users\Administrator\AppData\Local\capsule\apps\net.corda.node.Corda_3.3-corda\h2-1.4.194.jar;C:\Users\Administrator\AppData\Local\capsule\apps\net.corda.node.Corda_3.3-corda\postgresql-42.1.4.jar;C:\Users\Administrator\AppData\Local\capsule\apps\net.corda.node.Corda_3.3-corda\HikariCP-2.5.1.jar;C:\Users\Administrator\AppData\Local\capsule\apps\net.corda.node.Corda_3.3-corda\hibernate-java8-5.2.6.Final.jar;C:\Users\Administrator\AppData\Local\capsule\apps\net.corda.node.Corda_3.3-corda\hibernate-core-5.2.6.Final.jar;C:\Users\Administrator\AppData\Local\capsule\apps\net.corda.node.Corda_3.3-corda\copycat-client-1.2.3.jar;C:\Users\Administrator\AppData\Local\capsule\apps\net.corda.node.Corda_3.3-corda\copycat-server-1.2.3.jar;C:\Users\Administrator\AppData\Local\capsule\apps\net.corda.node.Corda_3.3-corda\catalyst-netty-1.1.2.jar;C:\Users\Administrator\AppData\Local\capsule\apps\net.corda.node.Corda_3.3-corda\netty-all-4.1.9.Final.jar;C:\Users\Administrator\AppData\Local\capsule\apps\net.corda.node.Corda_3.3-corda\crash.connectors.ssh-cadb53544fbb3c0fb901445da614998a6a419488.jar;C:\Users\Administrator\AppData\Local\capsule\apps\net.corda.node.Corda_3.3-corda\crash.shell-cadb53544fbb3c0fb901445da614998a6a419488.jar;C:\Users\Administrator\AppData\Local\capsule\apps\net.corda.node.Corda_3.3-corda\okhttp-3.5.0.jar;C:\Users\Administrator\AppData\Local\capsule\apps\net.corda.node.Corda_3.3-corda\commons-codec-1.10.jar;C:\Users\Administrator\AppData\Local\capsule\apps\net.corda.node.Corda_3.3-corda\library-master-v1.1-beta-g6215ec8-87.jar;C:\Users\Administrator\AppData\Local\capsule\apps\net.corda.node.Corda_3.3-corda\jolokia-jvm-1.6.0-agent.jar;C:\Users\Administrator\AppData\Local\capsule\apps\net.corda.node.Corda_3.3-corda\quasar-core-0.7.9-jdk8.jar;C:\Users\Administrator\AppData\Local\capsule\apps\net.corda.node.Corda_3.3-corda\commons-fileupload-1.3.3.jar;C:\Users\Administrator\AppData\Local\capsule\apps\net.corda.node.Corda_3.3-corda\kryo-serializers-0.41.jar;C:\Users\Administrator\AppData\Local\capsule\apps\net.corda.node.Corda_3.3-corda\kryo-4.0.0.jar;C:\Users\Administrator\AppData\Local\capsule\apps\net.corda.node.Corda_3.3-corda\proton-j-0.21.0.jar;C:\Users\Administrator\AppData\Local\capsule\apps\net.corda.node.Corda_3.3-corda\fast-classpath-scanner-2.12.3.jar;C:\Users\Administrator\AppData\Local\capsule\apps\net.corda.node.Corda_3.3-corda\jsr305-3.0.2.jar;C:\Users\Administrator\AppData\Local\capsule\apps\net.corda.node.Corda_3.3-corda\jcabi-log-0.14.jar;C:\Users\Administrator\AppData\Local\capsule\apps\net.corda.node.Corda_3.3-corda\copycat-protocol-1.2.3.jar;C:\Users\Administrator\AppData\Local\capsule\apps\net.corda.node.Corda_3.3-corda\catalyst-transport-1.1.2.jar;C:\Users\Administrator\AppData\Local\capsule\apps\net.corda.node.Corda_3.3-corda\mina-core-2.0.16.jar;C:\Users\Administrator\AppData\Local\capsule\apps\net.corda.node.Corda_3.3-corda\shiro-cache-1.4.0.jar;C:\Users\Administrator\AppData\Local\capsule\apps\net.corda.node.Corda_3.3-corda\shiro-crypto-hash-1.4.0.jar;C:\Users\Administrator\AppData\Local\capsule\apps\net.corda.node.Corda_3.3-corda\shiro-crypto-cipher-1.4.0.jar;C:\Users\Administrator\AppData\Local\capsule\apps\net.corda.node.Corda_3.3-corda\shiro-config-core-1.4.0.jar;C:\Users\Administrator\AppData\Local\capsule\apps\net.corda.node.Corda_3.3-corda\shiro-event-1.4.0.jar;C:\Users\Administrator\AppData\Local\capsule\apps\net.corda.node.Corda_3.3-corda\shiro-crypto-core-1.4.0.jar;C:\Users\Administrator\AppData\Local\capsule\apps\net.corda.node.Corda_3.3-corda\shiro-lang-1.4.0.jar;C:\Users\Administrator\AppData\Local\capsule\apps\net.corda.node.Corda_3.3-corda\jcl-over-slf4j-1.7.25.jar;C:\Users\Administrator\AppData\Local\capsule\apps\net.corda.node.Corda_3.3-corda\catalyst-concurrent-1.1.2.jar;C:\Users\Administrator\AppData\Local\capsule\apps\net.corda.node.Corda_3.3-corda\catalyst-serializer-1.1.2.jar;C:\Users\Administrator\AppData\Local\capsule\apps\net.corda.node.Corda_3.3-corda\catalyst-buffer-1.1.2.jar;C:\Users\Administrator\AppData\Local\capsule\apps\net.corda.node.Corda_3.3-corda\catalyst-common-1.1.2.jar;C:\Users\Administrator\AppData\Local\capsule\apps\net.corda.node.Corda_3.3-corda\sshd-pam-0.11.0.jar;C:\Users\Administrator\AppData\Local\capsule\apps\net.corda.node.Corda_3.3-corda\sshd-core-1.6.0.jar;C:\Users\Administrator\AppData\Local\capsule\apps\net.corda.node.Corda_3.3-corda\slf4j-api-1.7.25.jar;C:\Users\Administrator\AppData\Local\capsule\apps\net.corda.node.Corda_3.3-corda\log4j-core-2.9.1.jar;C:\Users\Administrator\AppData\Local\capsule\apps\net.corda.node.Corda_3.3-corda\log4j-api-2.9.1.jar;C:\Users\Administrator\AppData\Local\capsule\apps\net.corda.node.Corda_3.3-corda\kotlin-stdlib-jre7-1.1.60.jar;C:\Users\Administrator\AppData\Local\capsule\apps\net.corda.node.Corda_3.3-corda\kotlin-stdlib-1.1.60.jar;C:\Users\Administrator\AppData\Local\capsule\apps\net.corda.node.Corda_3.3-corda\commons-collections-3.2.2.jar;C:\Users\Administrator\AppData\Local\capsule\apps\net.corda.node.Corda_3.3-corda\hibernate-commons-annotations-5.0.1.Final.jar;C:\Users\Administrator\AppData\Local\capsule\apps\net.corda.node.Corda_3.3-corda\artemis-native-2.2.0.jar;C:\Users\Administrator\AppData\Local\capsule\apps\net.corda.node.Corda_3.3-corda\jboss-logging-3.3.0.Final.jar;C:\Users\Administrator\AppData\Local\capsule\apps\net.corda.node.Corda_3.3-corda\artemis-selector-2.2.0.jar;C:\Users\Administrator\AppData\Local\capsule\apps\net.corda.node.Corda_3.3-corda\jgroups-3.6.13.Final.jar;C:\Users\Administrator\AppData\Local\capsule\apps\net.corda.node.Corda_3.3-corda\geronimo-json_1.0_spec-1.0-alpha-1.jar;C:\Users\Administrator\AppData\Local\capsule\apps\net.corda.node.Corda_3.3-corda\johnzon-core-0.9.5.jar;C:\Users\Administrator\AppData\Local\capsule\apps\net.corda.node.Corda_3.3-corda\forms-1.1-preview.jar;C:\Users\Administrator\AppData\Local\capsule\apps\net.corda.node.Corda_3.3-corda\jdom-1.0.jar;C:\Users\Administrator\AppData\Local\capsule\apps\net.corda.node.Corda_3.3-corda\jackson-dataformat-yaml-2.9.2.jar;C:\Users\Administrator\AppData\Local\capsule\apps\net.corda.node.Corda_3.3-corda\jackson-datatype-jsr310-2.9.2.jar;C:\Users\Administrator\AppData\Local\capsule\apps\net.corda.node.Corda_3.3-corda\hibernate-jpa-2.1-api-1.0.0.Final.jar;C:\Users\Administrator\AppData\Local\capsule\apps\net.corda.node.Corda_3.3-corda\javassist-3.20.0-GA.jar;C:\Users\Administrator\AppData\Local\capsule\apps\net.corda.node.Corda_3.3-corda\antlr-2.7.7.jar;C:\Users\Administrator\AppData\Local\capsule\apps\net.corda.node.Corda_3.3-corda\geronimo-jta_1.1_spec-1.1.1.jar;C:\Users\Administrator\AppData\Local\capsule\apps\net.corda.node.Corda_3.3-corda\jandex-2.0.3.Final.jar;C:\Users\Administrator\AppData\Local\capsule\apps\net.corda.node.Corda_3.3-corda\classmate-1.3.0.jar;C:\Users\Administrator\AppData\Local\capsule\apps\net.corda.node.Corda_3.3-corda\dom4j-1.6.1.jar;C:\Users\Administrator\AppData\Local\capsule\apps\net.corda.node.Corda_3.3-corda\cdi-api-1.1.jar;C:\Users\Administrator\AppData\Local\capsule\apps\net.corda.node.Corda_3.3-corda\crash.cli-cadb53544fbb3c0fb901445da614998a6a419488.jar;C:\Users\Administrator\AppData\Local\capsule\apps\net.corda.node.Corda_3.3-corda\groovy-all-1.8.9.jar;C:\Users\Administrator\AppData\Local\capsule\apps\net.corda.node.Corda_3.3-corda\okio-1.11.0.jar;C:\Users\Administrator\AppData\Local\capsule\apps\net.corda.node.Corda_3.3-corda\jolokia-core-1.6.0.jar;C:\Users\Administrator\AppData\Local\capsule\apps\net.corda.node.Corda_3.3-corda\json-simple-1.1.1.jar;C:\Users\Administrator\AppData\Local\capsule\apps\net.corda.node.Corda_3.3-corda\rxjava-1.2.4.jar;C:\Users\Administrator\AppData\Local\capsule\apps\net.corda.node.Corda_3.3-corda\commons-jexl3-3.0.jar;C:\Users\Administrator\AppData\Local\capsule\apps\net.corda.node.Corda_3.3-corda\jackson-databind-2.9.2.jar;C:\Users\Administrator\AppData\Local\capsule\apps\net.corda.node.Corda_3.3-corda\eddsa-0.2.0.jar;C:\Users\Administrator\AppData\Local\capsule\apps\net.corda.node.Corda_3.3-corda\bcpkix-jdk15on-1.57.jar;C:\Users\Administrator\AppData\Local\capsule\apps\net.corda.node.Corda_3.3-corda\bcprov-jdk15on-1.57.jar;C:\Users\Administrator\AppData\Local\capsule\apps\net.corda.node.Corda_3.3-corda\commons-io-2.2.jar;C:\Users\Administrator\AppData\Local\capsule\apps\net.corda.node.Corda_3.3-corda\reflectasm-1.11.3.jar;C:\Users\Administrator\AppData\Local\capsule\apps\net.corda.node.Corda_3.3-corda\minlog-1.3.0.jar;C:\Users\Administrator\AppData\Local\capsule\apps\net.corda.node.Corda_3.3-corda\objenesis-2.2.jar;C:\Users\Administrator\AppData\Local\capsule\apps\net.corda.node.Corda_3.3-corda\annotations-13.0.jar;C:\Users\Administrator\AppData\Local\capsule\apps\net.corda.node.Corda_3.3-corda\jackson-annotations-2.9.0.jar;C:\Users\Administrator\AppData\Local\capsule\apps\net.corda.node.Corda_3.3-corda\snakeyaml-1.18.jar;C:\Users\Administrator\AppData\Local\capsule\apps\net.corda.node.Corda_3.3-corda\jackson-core-2.9.2.jar;C:\Users\Administrator\AppData\Local\capsule\apps\net.corda.node.Corda_3.3-corda\el-api-2.2.jar;C:\Users\Administrator\AppData\Local\capsule\apps\net.corda.node.Corda_3.3-corda\jboss-interceptors-api_1.1_spec-1.0.0.Beta1.jar;C:\Users\Administrator\AppData\Local\capsule\apps\net.corda.node.Corda_3.3-corda\jsr250-api-1.0.jar;C:\Users\Administrator\AppData\Local\capsule\apps\net.corda.node.Corda_3.3-corda\javax.inject-1.jar;C:\Users\Administrator\AppData\Local\capsule\apps\net.corda.node.Corda_3.3-corda\jpam-1.1.jar;C:\Users\Administrator\AppData\Local\capsule\apps\net.corda.node.Corda_3.3-corda\geronimo-jms_2.0_spec-1.0-alpha-2.jar;C:\Users\Administrator\AppData\Local\capsule\apps\net.corda.node.Corda_3.3-corda\asm-5.0.4.jar;C:\Users\Administrator\AppData\Local\capsule\apps\net.corda.node.Corda_3.3-corda\corda-node-3.3-corda.jar;C:\Users\Administrator\corda_bootcamp\cordapp-template-kotlin\build\nodes\Notary\cordapps\cordapp-0.1.jar;C:\Users\Administrator\corda_bootcamp\cordapp-template-kotlin\build\nodes\Notary\cordapps\cordapp-contracts-states-0.1.jar;C:\Users\Administrator\corda_bootcamp\cordapp-template-kotlin\build\nodes\Notary\cordapps\cordapp-template-kotlin-0.1.jar;drivers/jolokia-jvm-1.3.7-agent.jar;C:\Users\Administrator\corda_bootcamp\cordapp-template-kotlin\build\nodes\Notary\corda.jar;C:\Users\Administrator\AppData\Local\capsule\apps\net.corda.node.Corda_3.3-corda\quasar-core-0.7.9-jdk8.jar {}
[INFO ] 2019-01-11T12:00:14,904Z [main] internal.Node.logStartupInfo - VM Java HotSpot(TM) 64-Bit Server VM Oracle Corporation 25.171-b11 {}
[INFO ] 2019-01-11T12:00:14,904Z [main] internal.Node.logStartupInfo - Machine: MASTER-CORDA {}
[INFO ] 2019-01-11T12:00:14,904Z [main] internal.Node.logStartupInfo - Working Directory: C:\Users\Administrator\corda_bootcamp\cordapp-template-kotlin\build\nodes\Notary {}
[INFO ] 2019-01-11T12:00:14,904Z [main] internal.Node.logStartupInfo - Debug port: dt_socket:5005 {}
[INFO ] 2019-01-11T12:00:14,904Z [main] internal.Node.logStartupInfo - Starting as node on localhost:10002 {}
[INFO ] 2019-01-11T12:00:15,185Z [main] cordapp.CordappLoader.<init> - Loading CorDapps from RestrictedURL(url=file:/C:/Users/Administrator/corda_bootcamp/cordapp-template-kotlin/build/nodes/Notary/cordapps/cordapp-0.1.jar, rootPackageName=null), RestrictedURL(url=file:/C:/Users/Administrator/corda_bootcamp/cordapp-template-kotlin/build/nodes/Notary/cordapps/cordapp-contracts-states-0.1.jar, rootPackageName=null), RestrictedURL(url=file:/C:/Users/Administrator/corda_bootcamp/cordapp-template-kotlin/build/nodes/Notary/cordapps/cordapp-template-kotlin-0.1.jar, rootPackageName=null) {}
[INFO ] 2019-01-11T12:00:15,654Z [main] cordapp.CordappLoader.scanCordapp - Scanning CorDapp in file:/C:/Users/Administrator/corda_bootcamp/cordapp-template-kotlin/build/nodes/Notary/cordapps/cordapp-0.1.jar {}
[INFO ] 2019-01-11T12:00:16,265Z [main] cordapp.CordappLoader.scanCordapp - Scanning CorDapp in file:/C:/Users/Administrator/corda_bootcamp/cordapp-template-kotlin/build/nodes/Notary/cordapps/cordapp-contracts-states-0.1.jar {}
[INFO ] 2019-01-11T12:00:16,460Z [main] cordapp.CordappLoader.scanCordapp - Scanning CorDapp in file:/C:/Users/Administrator/corda_bootcamp/cordapp-template-kotlin/build/nodes/Notary/cordapps/cordapp-template-kotlin-0.1.jar {}
[INFO ] 2019-01-11T12:00:17,002Z [main] internal.Node.start - Node starting up ... {}
[WARN ] 2019-01-11T12:00:17,002Z [main] internal.Node.initCertificate - Corda node is running in dev mode. {}
[INFO ] 2019-01-11T12:00:20,689Z [main] internal.NetworkParametersReader.retrieveNetworkParameters - Loaded network parameters: net.corda.core.internal.SignedDataWithCert@5820070c {}
[INFO ] 2019-01-11T12:00:22,313Z [main] BasicInfo.printBasicNodeInfo - Database connection url is              : jdbc:h2:tcp://10.44.206.251:65458/node {}
[INFO ] 2019-01-11T12:00:22,641Z [main] hikari.HikariDataSource.<init> - HikariPool-1 - Started. {}
[INFO ] 2019-01-11T12:00:24,251Z [main] internal.Node.invoke - Connected to H2 database. {}
[INFO ] 2019-01-11T12:00:24,501Z [main] persistence.HibernateConfiguration.<init> - Init HibernateConfiguration for schemas: [CommonSchemaV1(name=net.corda.core.schemas.CommonSchema, version=1), VaultSchemaV1(name=net.corda.node.services.vault.VaultSchema, version=1), NodeInfoSchemaV1(name=net.corda.node.internal.schemas.NodeInfoSchema, version=1), NodeCoreV1(name=net.corda.node.services.schema.NodeSchemaService$NodeCore, version=1), NodeNotaryV1(name=net.corda.node.services.schema.NodeSchemaService$NodeNotary, version=1)] {}
[INFO ] 2019-01-11T12:00:24,501Z [main] persistence.HibernateConfiguration.makeSessionFactoryForSchemas - Creating session factory for schemas: [CommonSchemaV1(name=net.corda.core.schemas.CommonSchema, version=1), VaultSchemaV1(name=net.corda.node.services.vault.VaultSchema, version=1), NodeInfoSchemaV1(name=net.corda.node.internal.schemas.NodeInfoSchema, version=1), NodeCoreV1(name=net.corda.node.services.schema.NodeSchemaService$NodeCore, version=1), NodeNotaryV1(name=net.corda.node.services.schema.NodeSchemaService$NodeNotary, version=1)] {}
[INFO ] 2019-01-11T12:00:25,391Z [main] hibernate.Version.logVersion - HHH000412: Hibernate Core {5.2.6.Final} {}
[INFO ] 2019-01-11T12:00:25,391Z [main] cfg.Environment.<clinit> - HHH000206: hibernate.properties not found {}
[INFO ] 2019-01-11T12:00:25,532Z [main] common.Version.<clinit> - HCANN000001: Hibernate Commons Annotations {5.0.1.Final} {}
[INFO ] 2019-01-11T12:00:26,048Z [main] internal.ConnectionProviderInitiator.initiateService - HHH000130: Instantiating explicit connection provider: net.corda.nodeapi.internal.persistence.HibernateConfiguration$NodeDatabaseConnectionProvider {}
[INFO ] 2019-01-11T12:00:26,063Z [main] dialect.Dialect.<init> - HHH000400: Using dialect: org.hibernate.dialect.H2Dialect {}
[INFO ] 2019-01-11T12:00:26,188Z [main] type.BasicTypeRegistry.register - HHH000270: Type registration [materialized_blob] overrides previous : org.hibernate.type.MaterializedBlobType@6684f7f2 {}
[INFO ] 2019-01-11T12:00:30,433Z [main] connections.access.getIsolatedConnection - HHH10001501: Connection obtained from JdbcConnectionAccess [org.hibernate.engine.jdbc.env.internal.JdbcEnvironmentInitiator$ConnectionProviderJdbcConnectionAccess@5a4b8e25] for (non-JTA) DDL execution was not in auto-commit mode; the Connection 'local transaction' will be committed and the Connection will be set into auto-commit mode. {}
[INFO ] 2019-01-11T12:00:30,948Z [main] persistence.HibernateConfiguration.makeSessionFactoryForSchemas - Created session factory for schemas: [CommonSchemaV1(name=net.corda.core.schemas.CommonSchema, version=1), VaultSchemaV1(name=net.corda.node.services.vault.VaultSchema, version=1), NodeInfoSchemaV1(name=net.corda.node.internal.schemas.NodeInfoSchema, version=1), NodeCoreV1(name=net.corda.node.services.schema.NodeSchemaService$NodeCore, version=1), NodeNotaryV1(name=net.corda.node.services.schema.NodeSchemaService$NodeNotary, version=1)] {}
[INFO ] 2019-01-11T12:00:31,432Z [main] internal.QueryTranslatorFactoryInitiator.initiateService - HHH000397: Using ASTQueryTranslatorFactory {}
[INFO ] 2019-01-11T12:00:35,114Z [main] internal.Node.updateNodeInfo - Node-info has changed so submitting update. Old node-info was null {}
[INFO ] 2019-01-11T12:00:35,114Z [main] network.PersistentNetworkMapCache.addNode - Adding node with info: NodeInfo(addresses=[localhost:10002], legalIdentitiesAndCerts=[O=Notary, L=London, C=GB], platformVersion=3, serial=1547208035114) {}
[INFO ] 2019-01-11T12:00:35,223Z [main] network.PersistentNetworkMapCache.addNode - No previous node found {}
[INFO ] 2019-01-11T12:00:36,227Z [main] network.PersistentNetworkMapCache.addNode - Done adding node with info: NodeInfo(addresses=[localhost:10002], legalIdentitiesAndCerts=[O=Notary, L=London, C=GB], platformVersion=3, serial=1547208035114) {}
[INFO ] 2019-01-11T12:00:36,227Z [main] internal.Node.updateNodeInfo - New node-info: NodeInfo(addresses=[localhost:10002], legalIdentitiesAndCerts=[O=Notary, L=London, C=GB], platformVersion=3, serial=1547208035114) {}
[INFO ] 2019-01-11T12:00:37,608Z [main] persistence.NodeAttachmentService.invoke - Stored new attachment CE1CCBAD4E284426BDB25FF8E88D70B6C5761D6C213C9DB54E9D43EBDCEA3F27 {}
[INFO ] 2019-01-11T12:00:37,905Z [main] security.RPCSecurityManagerImpl.buildImpl - Constructing realm from list of users in config [] {}
[INFO ] 2019-01-11T12:00:40,046Z [main] BasicInfo.printBasicNodeInfo - Advertised P2P messaging addresses      : localhost:10002 {}
[INFO ] 2019-01-11T12:00:40,061Z [main] BasicInfo.printBasicNodeInfo - RPC connection address                  : localhost:10003 {}
[INFO ] 2019-01-11T12:00:40,061Z [main] BasicInfo.printBasicNodeInfo - RPC admin connection address            : localhost:10043 {}
[INFO ] 2019-01-11T12:00:40,233Z [main] internal.Node.makeNotaryService - Running core notary: net.corda.node.services.transactions.SimpleNotaryService {}
[INFO ] 2019-01-11T12:00:42,402Z [main] messaging.ArtemisMessagingServer.configureAndStartServer - P2P messaging server listening on port 10002 {}
[INFO ] 2019-01-11T12:00:43,135Z [main] internal.ArtemisMessagingClient.start - Connecting to message broker: localhost:10002 {}
[INFO ] 2019-01-11T12:00:43,787Z [main] internal.ArtemisMessagingClient.start - Connecting to message broker: localhost:10002 {}
[INFO ] 2019-01-11T12:00:43,981Z [main] internal.ArtemisMessagingClient.start - Connecting to message broker: localhost:10043 {}
[INFO ] 2019-01-11T12:00:44,097Z [main] messaging.P2PMessagingClient.start - Connecting to message broker: localhost:10002 {}
[INFO ] 2019-01-11T12:00:44,259Z [main] messaging.P2PMessagingClient.createQueueIfAbsent - Create fresh queue p2p.inbound.DL5phVKAfAUgxvqtWfoyzbfS27KbkKUF1US19AknioV8Rr bound on same address {}
[INFO ] 2019-01-11T12:00:44,430Z [main] internal.Node.registerInitiatedFlowInternal - Registered com.template.InvoiceSettlementFlow to initiate com.template.InvoiceSettlementResponderFlow (version 1) {}
[INFO ] 2019-01-11T12:00:44,431Z [main] internal.Node.registerInitiatedFlowInternal - Registered com.template.Initiator to initiate com.template.Responder (version 1) {}
[INFO ] 2019-01-11T12:00:44,502Z [Thread-0 (ActiveMQ-client-global-threads)] bridging.BridgeControlListener.processControlMessage - Received bridge control message NodeToBridgeSnapshot(nodeIdentity=DL5phVKAfAUgxvqtWfoyzbfS27KbkKUF1US19AknioV8Rr, inboxQueues=[p2p.inbound.DL5phVKAfAUgxvqtWfoyzbfS27KbkKUF1US19AknioV8Rr], sendQueues=[]) {}
[INFO ] 2019-01-11T12:00:45,281Z [main] plugin.PluginManager.getPlugins - Loaded plugin Plugin[type=SSHPlugin,interface=SSHPlugin] {}
[INFO ] 2019-01-11T12:00:45,285Z [main] plugin.PluginManager.getPlugins - Loaded plugin Plugin[type=SSHInlinePlugin,interface=CommandPlugin] {}
[INFO ] 2019-01-11T12:00:45,287Z [main] plugin.PluginManager.getPlugins - Loaded plugin Plugin[type=KeyAuthenticationPlugin,interface=KeyAuthenticationPlugin] {}
[INFO ] 2019-01-11T12:00:45,290Z [main] plugin.PluginManager.getPlugins - Loaded plugin Plugin[type=CRaSHShellFactory,interface=ShellFactory] {}
[INFO ] 2019-01-11T12:00:45,292Z [main] plugin.PluginManager.getPlugins - Loaded plugin Plugin[type=GroovyLanguageProxy,interface=Language] {}
[INFO ] 2019-01-11T12:00:45,294Z [main] plugin.PluginManager.getPlugins - Loaded plugin Plugin[type=JavaLanguage,interface=Language] {}
[INFO ] 2019-01-11T12:00:45,295Z [main] plugin.PluginManager.getPlugins - Loaded plugin Plugin[type=ScriptLanguage,interface=Language] {}
[INFO ] 2019-01-11T12:00:45,296Z [main] plugin.PluginManager.getPlugins - Loaded plugin Plugin[type=JaasAuthenticationPlugin,interface=AuthenticationPlugin] {}
[INFO ] 2019-01-11T12:00:45,298Z [main] plugin.PluginManager.getPlugins - Loaded plugin Plugin[type=SimpleAuthenticationPlugin,interface=AuthenticationPlugin] {}
[INFO ] 2019-01-11T12:00:45,306Z [main] ssh.SSHPlugin.init - Could not boot SSHD due to missing due to missing port configuration {}
[INFO ] 2019-01-11T12:00:45,306Z [main] plugin.PluginManager.getPlugins - Initialized plugin Plugin[type=SSHPlugin,interface=SSHPlugin] {}
[INFO ] 2019-01-11T12:00:45,306Z [main] plugin.PluginManager.getPlugins - Initialized plugin Plugin[type=SSHInlinePlugin,interface=CommandPlugin] {}
[INFO ] 2019-01-11T12:00:45,307Z [main] plugin.PluginManager.getPlugins - Initialized plugin Plugin[type=KeyAuthenticationPlugin,interface=KeyAuthenticationPlugin] {}
[INFO ] 2019-01-11T12:00:45,326Z [main] plugin.PluginManager.getPlugins - Initialized plugin Plugin[type=GroovyLanguageProxy,interface=Language] {}
[INFO ] 2019-01-11T12:00:45,327Z [main] plugin.PluginManager.getPlugins - Initialized plugin Plugin[type=ScriptLanguage,interface=Language] {}
[INFO ] 2019-01-11T12:00:45,334Z [main] plugin.PluginManager.getPlugins - Initialized plugin Plugin[type=CRaSHShellFactory,interface=ShellFactory] {}
[INFO ] 2019-01-11T12:00:45,334Z [main] plugin.PluginManager.getPlugins - Initialized plugin Plugin[type=JaasAuthenticationPlugin,interface=AuthenticationPlugin] {}
[INFO ] 2019-01-11T12:00:45,335Z [main] plugin.PluginManager.getPlugins - Initialized plugin Plugin[type=SimpleAuthenticationPlugin,interface=AuthenticationPlugin] {}
[INFO ] 2019-01-11T12:00:45,335Z [main] plugin.PluginManager.getPlugins - Initialized plugin Plugin[type=CordaAuthenticationPlugin,interface=AuthenticationPlugin] {}
[WARN ] 2019-01-11T12:00:46,705Z [main] utilities.AppendOnlyPersistentMapBase.set - Double insert in net.corda.node.utilities.AppendOnlyPersistentMap for entity class class net.corda.node.services.identity.PersistentIdentityService$PersistentIdentity key 47A6D36A31BDC782F943240EEE4B07A5B96163E0E031225C297175CD658BDB3D, not inserting the second time {}
[INFO ] 2019-01-11T12:00:46,707Z [main] messaging.P2PMessagingClient.updateBridgesOnNetworkChange - Updating bridges on network map change: NodeInfo(addresses=[localhost:10002], legalIdentitiesAndCerts=[O=Notary, L=London, C=GB], platformVersion=3, serial=1547208035114) {}
[INFO ] 2019-01-11T12:00:46,846Z [main] BasicInfo.printBasicNodeInfo - Loaded CorDapps                         : cordapp-0.1, cordapp-contracts-states-0.1, cordapp-template-kotlin-0.1, corda-core-3.3-corda {}
[INFO ] 2019-01-11T12:00:46,852Z [main] BasicInfo.printBasicNodeInfo - Node for "Notary" started up and registered in 37.27 sec {}
[INFO ] 2019-01-11T12:00:46,863Z [main] messaging.RPCServer.start - Starting RPC server with configuration RPCServerConfiguration(rpcThreadPoolSize=4, reapInterval=PT1S, deduplicationCacheExpiry=PT24H) {}
[INFO ] 2019-01-11T12:00:47,116Z [RxIoScheduler-2] network.PersistentNetworkMapCache.addNode - Adding node with info: NodeInfo(addresses=[localhost:10002], legalIdentitiesAndCerts=[O=Notary, L=London, C=GB], platformVersion=3, serial=1547207911735) {}
[INFO ] 2019-01-11T12:00:47,163Z [RxIoScheduler-2] network.PersistentNetworkMapCache.addNode - Discarding older nodeInfo for O=Notary, L=London, C=GB {}
[INFO ] 2019-01-11T12:00:47,164Z [RxIoScheduler-2] network.PersistentNetworkMapCache.addNode - Adding node with info: NodeInfo(addresses=[localhost:10008], legalIdentitiesAndCerts=[O=PartyB, L=New York, C=US], platformVersion=3, serial=1547207917606) {}
[INFO ] 2019-01-11T12:00:47,182Z [RxIoScheduler-2] network.PersistentNetworkMapCache.addNode - No previous node found {}
[INFO ] 2019-01-11T12:00:47,333Z [RxIoScheduler-2] messaging.P2PMessagingClient.updateBridgesOnNetworkChange - Updating bridges on network map change: NodeInfo(addresses=[localhost:10008], legalIdentitiesAndCerts=[O=PartyB, L=New York, C=US], platformVersion=3, serial=1547207917606) {}
[INFO ] 2019-01-11T12:00:47,379Z [RxIoScheduler-2] network.PersistentNetworkMapCache.addNode - Done adding node with info: NodeInfo(addresses=[localhost:10008], legalIdentitiesAndCerts=[O=PartyB, L=New York, C=US], platformVersion=3, serial=1547207917606) {}
[INFO ] 2019-01-11T12:00:47,379Z [RxIoScheduler-2] network.PersistentNetworkMapCache.addNode - Adding node with info: NodeInfo(addresses=[localhost:10005], legalIdentitiesAndCerts=[O=PartyA, L=London, C=GB], platformVersion=3, serial=1547207915044) {}
[INFO ] 2019-01-11T12:00:47,383Z [RxIoScheduler-2] network.PersistentNetworkMapCache.addNode - No previous node found {}
[INFO ] 2019-01-11T12:00:47,439Z [RxIoScheduler-2] messaging.P2PMessagingClient.updateBridgesOnNetworkChange - Updating bridges on network map change: NodeInfo(addresses=[localhost:10005], legalIdentitiesAndCerts=[O=PartyA, L=London, C=GB], platformVersion=3, serial=1547207915044) {}
[INFO ] 2019-01-11T12:00:47,439Z [RxIoScheduler-2] network.PersistentNetworkMapCache.addNode - Done adding node with info: NodeInfo(addresses=[localhost:10005], legalIdentitiesAndCerts=[O=PartyA, L=London, C=GB], platformVersion=3, serial=1547207915044) {}
