[INFO ] 2019-01-11T11:58:24,511Z [main] manifests.Manifests.info - 111 attributes loaded from 123 stream(s) in 4s, 111 saved, 1956 ignored: ["ActiveMQ-Version", "Agent-Class", "Ant-Version", "Application-Class", "Application-Library-Allowable-Codebase", "Application-Name", "Application-Version", "Archiver-Version", "Automatic-Module-Name", "Bnd-LastModified", "Branch", "Build-Date", "Build-Host", "Build-Id", "Build-Java-Version", "Build-Jdk", "Build-Job", "Build-Number", "Build-Timestamp", "Built-By", "Built-OS", "Built-Status", "Bundle-Activator", "Bundle-Category", "Bundle-ClassPath", "Bundle-Copyright", "Bundle-Description", "Bundle-DocURL", "Bundle-License", "Bundle-ManifestVersion", "Bundle-Name", "Bundle-RequiredExecutionEnvironment", "Bundle-SymbolicName", "Bundle-Vendor", "Bundle-Version", "Caller-Allowable-Codebase", "Can-Redefine-Classes", "Can-Retransform-Classes", "Can-Set-Native-Method-Prefix", "Caplets", "Change", "Codebase", "Corda-Platform-Version", "Corda-Release-Version", "Corda-Revision", "Corda-Vendor", "Created-By", "DynamicImport-Package", "Eclipse-BuddyPolicy", "Eclipse-LazyStart", "Export-Package", "Extension-Name", "Fragment-Host", "Gradle-Version", "Ignore-Package", "Implementation-Build", "Implementation-Build-Date", "Implementation-Title", "Implementation-URL", "Implementation-Url", "Implementation-Vendor", "Implementation-Vendor-Id", "Implementation-Version", "Import-Package", "Include-Resource", "JCabi-Build", "JCabi-Date", "JCabi-Version", "JVM-Args", "Java-Agents", "Java-Vendor", "Java-Version", "Kotlin-Runtime-Component", "Kotlin-Version", "Log4jReleaseKey", "Log4jReleaseManager", "Log4jReleaseVersion", "Main-Class", "Main-class", "Manifest-Version", "Min-Java-Version", "Min-Update-Version", "Module-Email", "Module-Origin", "Module-Owner", "Module-Source", "Multi-Release", "Originally-Created-By", "Os-Arch", "Os-Name", "Os-Version", "Package", "Permissions", "Premain-Class", "Private-Package", "Provide-Capability", "Require-Capability", "SCM-Revision", "SCM-url", "Scm-Connection", "Scm-Revision", "Scm-Url", "Service-Component", "Specification-Title", "Specification-Vendor", "Specification-Version", "System-Properties", "Tool", "Trusted-Library", "X-Compile-Source-JDK", "X-Compile-Target-JDK"] {}
[INFO ] 2019-01-11T11:58:24,917Z [main] BasicInfo.printBasicNodeInfo - Logs can be found in                    : C:\Users\Administrator\corda_bootcamp\cordapp-template-kotlin\build\nodes\PartyB\logs {}
[INFO ] 2019-01-11T11:58:25,199Z [main] config.ConfigHelper.loadConfig - Config:
{
    # reference.conf @ jar:file:/C:/Users/Administrator/corda_bootcamp/cordapp-template-kotlin/build/nodes/PartyB/corda.jar!/reference.conf: 20
    "activeMQServer" : {
        # reference.conf @ jar:file:/C:/Users/Administrator/corda_bootcamp/cordapp-template-kotlin/build/nodes/PartyB/corda.jar!/reference.conf: 21
        "bridge" : {
            # reference.conf @ jar:file:/C:/Users/Administrator/corda_bootcamp/cordapp-template-kotlin/build/nodes/PartyB/corda.jar!/reference.conf: 24
            "maxRetryIntervalMin" : 3,
            # reference.conf @ jar:file:/C:/Users/Administrator/corda_bootcamp/cordapp-template-kotlin/build/nodes/PartyB/corda.jar!/reference.conf: 22
            "retryIntervalMs" : 5000,
            # reference.conf @ jar:file:/C:/Users/Administrator/corda_bootcamp/cordapp-template-kotlin/build/nodes/PartyB/corda.jar!/reference.conf: 23
            "retryIntervalMultiplier" : 1.5
        }
    },
    # hardcoded value
    "baseDirectory" : "C:\\Users\\Administrator\\corda_bootcamp\\cordapp-template-kotlin\\build\\nodes\\PartyB",
    # merge of reference.conf @ jar:file:/C:/Users/Administrator/corda_bootcamp/cordapp-template-kotlin/build/nodes/PartyB/corda.jar!/reference.conf: 6,reference.conf @ jar:file:/C:/Users/Administrator/corda_bootcamp/cordapp-template-kotlin/build/nodes/.cache/apps/net.corda.node.Corda_3.3-corda/corda-node-3.3-corda.jar!/reference.conf: 6
    "dataSourceProperties" : {
        # reference.conf @ jar:file:/C:/Users/Administrator/corda_bootcamp/cordapp-template-kotlin/build/nodes/PartyB/corda.jar!/reference.conf: 10
        "dataSource.password" : "",
        # merge of reference.conf @ jar:file:/C:/Users/Administrator/corda_bootcamp/cordapp-template-kotlin/build/nodes/PartyB/corda.jar!/reference.conf: 8,hardcoded value,reference.conf @ jar:file:/C:/Users/Administrator/corda_bootcamp/cordapp-template-kotlin/build/nodes/PartyB/corda.jar!/reference.conf: 8,reference.conf @ jar:file:/C:/Users/Administrator/corda_bootcamp/cordapp-template-kotlin/build/nodes/PartyB/corda.jar!/reference.conf: 17
        "dataSource.url" : "jdbc:h2:file:C:\\Users\\Administrator\\corda_bootcamp\\cordapp-template-kotlin\\build\\nodes\\PartyB/persistence;DB_CLOSE_ON_EXIT=FALSE;LOCK_TIMEOUT=10000;WRITE_DELAY=100;AUTO_SERVER_PORT=0",
        # reference.conf @ jar:file:/C:/Users/Administrator/corda_bootcamp/cordapp-template-kotlin/build/nodes/PartyB/corda.jar!/reference.conf: 9
        "dataSource.user" : "sa",
        # reference.conf @ jar:file:/C:/Users/Administrator/corda_bootcamp/cordapp-template-kotlin/build/nodes/PartyB/corda.jar!/reference.conf: 7
        "dataSourceClassName" : "org.h2.jdbcx.JdbcDataSource"
    },
    # reference.conf @ jar:file:/C:/Users/Administrator/corda_bootcamp/cordapp-template-kotlin/build/nodes/PartyB/corda.jar!/reference.conf: 12
    "database" : {
        # reference.conf @ jar:file:/C:/Users/Administrator/corda_bootcamp/cordapp-template-kotlin/build/nodes/PartyB/corda.jar!/reference.conf: 14
        "exportHibernateJMXStatistics" : "false",
        # reference.conf @ jar:file:/C:/Users/Administrator/corda_bootcamp/cordapp-template-kotlin/build/nodes/PartyB/corda.jar!/reference.conf: 13
        "transactionIsolationLevel" : "REPEATABLE_READ"
    },
    # reference.conf @ jar:file:/C:/Users/Administrator/corda_bootcamp/cordapp-template-kotlin/build/nodes/PartyB/corda.jar!/reference.conf: 16
    "devMode" : true,
    # reference.conf @ jar:file:/C:/Users/Administrator/corda_bootcamp/cordapp-template-kotlin/build/nodes/PartyB/corda.jar!/reference.conf: 2
    "emailAddress" : "admin@company.com",
    # reference.conf @ jar:file:/C:/Users/Administrator/corda_bootcamp/cordapp-template-kotlin/build/nodes/PartyB/corda.jar!/reference.conf: 3
    "exportJMXto" : "http",
    # reference.conf @ jar:file:/C:/Users/Administrator/corda_bootcamp/cordapp-template-kotlin/build/nodes/PartyB/corda.jar!/reference.conf: 31
    "flowTimeout" : {
        # reference.conf @ jar:file:/C:/Users/Administrator/corda_bootcamp/cordapp-template-kotlin/build/nodes/PartyB/corda.jar!/reference.conf: 34
        "backoffBase" : 1.8,
        # reference.conf @ jar:file:/C:/Users/Administrator/corda_bootcamp/cordapp-template-kotlin/build/nodes/PartyB/corda.jar!/reference.conf: 33
        "maxRestartCount" : 5,
        # reference.conf @ jar:file:/C:/Users/Administrator/corda_bootcamp/cordapp-template-kotlin/build/nodes/PartyB/corda.jar!/reference.conf: 32
        "timeout" : "30 seconds"
    },
    # reference.conf @ jar:file:/C:/Users/Administrator/corda_bootcamp/cordapp-template-kotlin/build/nodes/PartyB/corda.jar!/reference.conf: 17
    "h2port" : 0,
    # reference.conf @ jar:file:/C:/Users/Administrator/corda_bootcamp/cordapp-template-kotlin/build/nodes/PartyB/corda.jar!/reference.conf: 4
    "keyStorePassword" : "cordacadevpass",
    # C:\Users\Administrator\corda_bootcamp\cordapp-template-kotlin\build\nodes\PartyB\node.conf: 1
    "myLegalName" : "O=PartyB,L=New York,C=US",
    # hardcoded value
    "noLocalShell" : false,
    # C:\Users\Administrator\corda_bootcamp\cordapp-template-kotlin\build\nodes\PartyB\node.conf: 2
    "p2pAddress" : "localhost:10008",
    # merge of C:\Users\Administrator\corda_bootcamp\cordapp-template-kotlin\build\nodes\PartyB\node.conf: 3,reference.conf @ jar:file:/C:/Users/Administrator/corda_bootcamp/cordapp-template-kotlin/build/nodes/PartyB/corda.jar!/reference.conf: 27
    "rpcSettings" : {
        # C:\Users\Administrator\corda_bootcamp\cordapp-template-kotlin\build\nodes\PartyB\node.conf: 4
        "address" : "localhost:10009",
        # C:\Users\Administrator\corda_bootcamp\cordapp-template-kotlin\build\nodes\PartyB\node.conf: 5
        "adminAddress" : "localhost:10049",
        # reference.conf @ jar:file:/C:/Users/Administrator/corda_bootcamp/cordapp-template-kotlin/build/nodes/PartyB/corda.jar!/reference.conf: 29
        "standAloneBroker" : false,
        # reference.conf @ jar:file:/C:/Users/Administrator/corda_bootcamp/cordapp-template-kotlin/build/nodes/PartyB/corda.jar!/reference.conf: 28
        "useSsl" : false
    },
    # C:\Users\Administrator\corda_bootcamp\cordapp-template-kotlin\build\nodes\PartyB\node.conf: 7
    "rpcUsers" : [
        # C:\Users\Administrator\corda_bootcamp\cordapp-template-kotlin\build\nodes\PartyB\node.conf: 8
        {
            # C:\Users\Administrator\corda_bootcamp\cordapp-template-kotlin\build\nodes\PartyB\node.conf: 9
            "password" : "test",
            # C:\Users\Administrator\corda_bootcamp\cordapp-template-kotlin\build\nodes\PartyB\node.conf: 10
            "permissions" : [
                # C:\Users\Administrator\corda_bootcamp\cordapp-template-kotlin\build\nodes\PartyB\node.conf: 11
                "ALL"
            ],
            # C:\Users\Administrator\corda_bootcamp\cordapp-template-kotlin\build\nodes\PartyB\node.conf: 13
            "user" : "user1"
        }
    ],
    # reference.conf @ jar:file:/C:/Users/Administrator/corda_bootcamp/cordapp-template-kotlin/build/nodes/PartyB/corda.jar!/reference.conf: 5
    "trustStorePassword" : "trustpass",
    # reference.conf @ jar:file:/C:/Users/Administrator/corda_bootcamp/cordapp-template-kotlin/build/nodes/PartyB/corda.jar!/reference.conf: 18
    "useTestClock" : false,
    # reference.conf @ jar:file:/C:/Users/Administrator/corda_bootcamp/cordapp-template-kotlin/build/nodes/PartyB/corda.jar!/reference.conf: 19
    "verifierType" : "InMemory"
}
 {}
[WARN ] 2019-01-11T11:58:28,652Z [main] internal.config.defaultToOldPath - Config key user has been deprecated and will be removed in a future release. Use username instead {}
[INFO ] 2019-01-11T11:58:28,746Z [main] internal.Node.logStartupInfo - Vendor: Corda Open Source {}
[INFO ] 2019-01-11T11:58:28,746Z [main] internal.Node.logStartupInfo - Release: 3.3-corda {}
[INFO ] 2019-01-11T11:58:28,746Z [main] internal.Node.logStartupInfo - Platform Version: 3 {}
[INFO ] 2019-01-11T11:58:28,746Z [main] internal.Node.logStartupInfo - Revision: c834162cd488784a0412bba4c9e638da89912ac2 {}
[INFO ] 2019-01-11T11:58:28,746Z [main] internal.Node.logStartupInfo - PID: 6656 {}
[INFO ] 2019-01-11T11:58:28,746Z [main] internal.Node.logStartupInfo - Main class: /C:/Users/Administrator/corda_bootcamp/cordapp-template-kotlin/build/nodes/.cache/apps/net.corda.node.Corda_3.3-corda/corda-node-3.3-corda.jar {}
[INFO ] 2019-01-11T11:58:28,746Z [main] internal.Node.logStartupInfo - CommandLine Args: -Xmx200m -XX:+UseG1GC -javaagent:C:\Users\Administrator\corda_bootcamp\cordapp-template-kotlin\build\nodes\.cache\apps\net.corda.node.Corda_3.3-corda\quasar-core-0.7.9-jdk8.jar=x(antlr**;bftsmart**;ch**;co.paralleluniverse**;com.codahale**;com.esotericsoftware**;com.fasterxml**;com.google**;com.ibm**;com.intellij**;com.jcabi**;com.nhaarman**;com.opengamma**;com.typesafe**;com.zaxxer**;de.javakaffee**;groovy**;groovyjarjarantlr**;groovyjarjarasm**;io.atomix**;io.github**;io.netty**;jdk**;joptsimple**;junit**;kotlin**;net.bytebuddy**;net.i2p**;org.apache**;org.assertj**;org.bouncycastle**;org.codehaus**;org.crsh**;org.dom4j**;org.fusesource**;org.h2**;org.hamcrest**;org.hibernate**;org.jboss**;org.jcp**;org.joda**;org.junit**;org.mockito**;org.objectweb**;org.objenesis**;org.slf4j**;org.w3c**;org.xml**;org.yaml**;reflectasm**;rx**;org.jolokia**) -javaagent:C:\Users\Administrator\corda_bootcamp\cordapp-template-kotlin\build\nodes\PartyB\corda.jar -Dcapsule.address=0.0.0.0 -Dvisualvm.display.name=Corda -Djava.library.path=C:\Program Files\Java\jdk1.8.0_171\bin;C:\Windows\Sun\Java\bin;C:\Windows\system32;C:\Windows;C:\Program Files (x86)\Common Files\Oracle\Java\javapath;C:\Windows\system32;C:\Windows;C:\Windows\System32\Wbem;C:\Windows\System32\WindowsPowerShell\v1.0;C:\Program Files\Java\jdk1.8.0_171\bin;C:\Program Files\Git\cmd;C:\Users\Administrator\corda_bootcamp\cordapp-template-kotlin\build\nodes\.cache\apps\net.corda.node.Corda_3.3-corda -Dcapsule.log=1 -Dcapsule.app=net.corda.node.Corda_3.3-corda -Dcapsule.port=65423 -Dcapsule.dir=C:\Users\Administrator\corda_bootcamp\cordapp-template-kotlin\build\nodes\.cache\apps\net.corda.node.Corda_3.3-corda -Dcapsule.jar=C:\Users\Administrator\corda_bootcamp\cordapp-template-kotlin\build\nodes\PartyB\corda.jar {}
[INFO ] 2019-01-11T11:58:28,746Z [main] internal.Node.logStartupInfo - Application Args: --just-generate-node-info {}
[INFO ] 2019-01-11T11:58:28,746Z [main] internal.Node.logStartupInfo - bootclasspath: C:\Program Files\Java\jdk1.8.0_171\jre\lib\resources.jar;C:\Program Files\Java\jdk1.8.0_171\jre\lib\rt.jar;C:\Program Files\Java\jdk1.8.0_171\jre\lib\sunrsasign.jar;C:\Program Files\Java\jdk1.8.0_171\jre\lib\jsse.jar;C:\Program Files\Java\jdk1.8.0_171\jre\lib\jce.jar;C:\Program Files\Java\jdk1.8.0_171\jre\lib\charsets.jar;C:\Program Files\Java\jdk1.8.0_171\jre\lib\jfr.jar;C:\Program Files\Java\jdk1.8.0_171\jre\classes {}
[INFO ] 2019-01-11T11:58:28,746Z [main] internal.Node.logStartupInfo - classpath: C:\Users\Administrator\corda_bootcamp\cordapp-template-kotlin\build\nodes\PartyB\corda.jar;C:\Users\Administrator\corda_bootcamp\cordapp-template-kotlin\build\nodes\.cache\apps\net.corda.node.Corda_3.3-corda\corda-rpc-3.3-corda.jar;C:\Users\Administrator\corda_bootcamp\cordapp-template-kotlin\build\nodes\.cache\apps\net.corda.node.Corda_3.3-corda\corda-node-api-3.3-corda.jar;C:\Users\Administrator\corda_bootcamp\cordapp-template-kotlin\build\nodes\.cache\apps\net.corda.node.Corda_3.3-corda\corda-confidential-identities-3.3-corda.jar;C:\Users\Administrator\corda_bootcamp\cordapp-template-kotlin\build\nodes\.cache\apps\net.corda.node.Corda_3.3-corda\cordform-common-3.2.1.jar;C:\Users\Administrator\corda_bootcamp\cordapp-template-kotlin\build\nodes\.cache\apps\net.corda.node.Corda_3.3-corda\log4j-slf4j-impl-2.9.1.jar;C:\Users\Administrator\corda_bootcamp\cordapp-template-kotlin\build\nodes\.cache\apps\net.corda.node.Corda_3.3-corda\log4j-web-2.9.1.jar;C:\Users\Administrator\corda_bootcamp\cordapp-template-kotlin\build\nodes\.cache\apps\net.corda.node.Corda_3.3-corda\jul-to-slf4j-1.7.25.jar;C:\Users\Administrator\corda_bootcamp\cordapp-template-kotlin\build\nodes\.cache\apps\net.corda.node.Corda_3.3-corda\corda-jackson-3.3-corda.jar;C:\Users\Administrator\corda_bootcamp\cordapp-template-kotlin\build\nodes\.cache\apps\net.corda.node.Corda_3.3-corda\corda-core-3.3-corda.jar;C:\Users\Administrator\corda_bootcamp\cordapp-template-kotlin\build\nodes\.cache\apps\net.corda.node.Corda_3.3-corda\kotlin-stdlib-jre8-1.1.60.jar;C:\Users\Administrator\corda_bootcamp\cordapp-template-kotlin\build\nodes\.cache\apps\net.corda.node.Corda_3.3-corda\jackson-module-kotlin-2.9.2.jar;C:\Users\Administrator\corda_bootcamp\cordapp-template-kotlin\build\nodes\.cache\apps\net.corda.node.Corda_3.3-corda\kotlin-reflect-1.1.60.jar;C:\Users\Administrator\corda_bootcamp\cordapp-template-kotlin\build\nodes\.cache\apps\net.corda.node.Corda_3.3-corda\jimfs-1.1.jar;C:\Users\Administrator\corda_bootcamp\cordapp-template-kotlin\build\nodes\.cache\apps\net.corda.node.Corda_3.3-corda\artemis-amqp-protocol-2.2.0.jar;C:\Users\Administrator\corda_bootcamp\cordapp-template-kotlin\build\nodes\.cache\apps\net.corda.node.Corda_3.3-corda\artemis-server-2.2.0.jar;C:\Users\Administrator\corda_bootcamp\cordapp-template-kotlin\build\nodes\.cache\apps\net.corda.node.Corda_3.3-corda\artemis-jdbc-store-2.2.0.jar;C:\Users\Administrator\corda_bootcamp\cordapp-template-kotlin\build\nodes\.cache\apps\net.corda.node.Corda_3.3-corda\artemis-jms-client-2.2.0.jar;C:\Users\Administrator\corda_bootcamp\cordapp-template-kotlin\build\nodes\.cache\apps\net.corda.node.Corda_3.3-corda\artemis-core-client-2.2.0.jar;C:\Users\Administrator\corda_bootcamp\cordapp-template-kotlin\build\nodes\.cache\apps\net.corda.node.Corda_3.3-corda\artemis-journal-2.2.0.jar;C:\Users\Administrator\corda_bootcamp\cordapp-template-kotlin\build\nodes\.cache\apps\net.corda.node.Corda_3.3-corda\artemis-commons-2.2.0.jar;C:\Users\Administrator\corda_bootcamp\cordapp-template-kotlin\build\nodes\.cache\apps\net.corda.node.Corda_3.3-corda\guava-21.0.jar;C:\Users\Administrator\corda_bootcamp\cordapp-template-kotlin\build\nodes\.cache\apps\net.corda.node.Corda_3.3-corda\jopt-simple-5.0.2.jar;C:\Users\Administrator\corda_bootcamp\cordapp-template-kotlin\build\nodes\.cache\apps\net.corda.node.Corda_3.3-corda\commons-collections4-4.1.jar;C:\Users\Administrator\corda_bootcamp\cordapp-template-kotlin\build\nodes\.cache\apps\net.corda.node.Corda_3.3-corda\shiro-core-1.4.0.jar;C:\Users\Administrator\corda_bootcamp\cordapp-template-kotlin\build\nodes\.cache\apps\net.corda.node.Corda_3.3-corda\shiro-config-ogdl-1.4.0.jar;C:\Users\Administrator\corda_bootcamp\cordapp-template-kotlin\build\nodes\.cache\apps\net.corda.node.Corda_3.3-corda\commons-beanutils-1.9.3.jar;C:\Users\Administrator\corda_bootcamp\cordapp-template-kotlin\build\nodes\.cache\apps\net.corda.node.Corda_3.3-corda\jansi-1.14.jar;C:\Users\Administrator\corda_bootcamp\cordapp-template-kotlin\build\nodes\.cache\apps\net.corda.node.Corda_3.3-corda\jcabi-manifests-1.1.jar;C:\Users\Administrator\corda_bootcamp\cordapp-template-kotlin\build\nodes\.cache\apps\net.corda.node.Corda_3.3-corda\forms_rt-7.0.3.jar;C:\Users\Administrator\corda_bootcamp\cordapp-template-kotlin\build\nodes\.cache\apps\net.corda.node.Corda_3.3-corda\metrics-core-3.1.2.jar;C:\Users\Administrator\corda_bootcamp\cordapp-template-kotlin\build\nodes\.cache\apps\net.corda.node.Corda_3.3-corda\config-1.3.1.jar;C:\Users\Administrator\corda_bootcamp\cordapp-template-kotlin\build\nodes\.cache\apps\net.corda.node.Corda_3.3-corda\h2-1.4.194.jar;C:\Users\Administrator\corda_bootcamp\cordapp-template-kotlin\build\nodes\.cache\apps\net.corda.node.Corda_3.3-corda\postgresql-42.1.4.jar;C:\Users\Administrator\corda_bootcamp\cordapp-template-kotlin\build\nodes\.cache\apps\net.corda.node.Corda_3.3-corda\HikariCP-2.5.1.jar;C:\Users\Administrator\corda_bootcamp\cordapp-template-kotlin\build\nodes\.cache\apps\net.corda.node.Corda_3.3-corda\hibernate-java8-5.2.6.Final.jar;C:\Users\Administrator\corda_bootcamp\cordapp-template-kotlin\build\nodes\.cache\apps\net.corda.node.Corda_3.3-corda\hibernate-core-5.2.6.Final.jar;C:\Users\Administrator\corda_bootcamp\cordapp-template-kotlin\build\nodes\.cache\apps\net.corda.node.Corda_3.3-corda\copycat-client-1.2.3.jar;C:\Users\Administrator\corda_bootcamp\cordapp-template-kotlin\build\nodes\.cache\apps\net.corda.node.Corda_3.3-corda\copycat-server-1.2.3.jar;C:\Users\Administrator\corda_bootcamp\cordapp-template-kotlin\build\nodes\.cache\apps\net.corda.node.Corda_3.3-corda\catalyst-netty-1.1.2.jar;C:\Users\Administrator\corda_bootcamp\cordapp-template-kotlin\build\nodes\.cache\apps\net.corda.node.Corda_3.3-corda\netty-all-4.1.9.Final.jar;C:\Users\Administrator\corda_bootcamp\cordapp-template-kotlin\build\nodes\.cache\apps\net.corda.node.Corda_3.3-corda\crash.connectors.ssh-cadb53544fbb3c0fb901445da614998a6a419488.jar;C:\Users\Administrator\corda_bootcamp\cordapp-template-kotlin\build\nodes\.cache\apps\net.corda.node.Corda_3.3-corda\crash.shell-cadb53544fbb3c0fb901445da614998a6a419488.jar;C:\Users\Administrator\corda_bootcamp\cordapp-template-kotlin\build\nodes\.cache\apps\net.corda.node.Corda_3.3-corda\okhttp-3.5.0.jar;C:\Users\Administrator\corda_bootcamp\cordapp-template-kotlin\build\nodes\.cache\apps\net.corda.node.Corda_3.3-corda\commons-codec-1.10.jar;C:\Users\Administrator\corda_bootcamp\cordapp-template-kotlin\build\nodes\.cache\apps\net.corda.node.Corda_3.3-corda\library-master-v1.1-beta-g6215ec8-87.jar;C:\Users\Administrator\corda_bootcamp\cordapp-template-kotlin\build\nodes\.cache\apps\net.corda.node.Corda_3.3-corda\jolokia-jvm-1.6.0-agent.jar;C:\Users\Administrator\corda_bootcamp\cordapp-template-kotlin\build\nodes\.cache\apps\net.corda.node.Corda_3.3-corda\quasar-core-0.7.9-jdk8.jar;C:\Users\Administrator\corda_bootcamp\cordapp-template-kotlin\build\nodes\.cache\apps\net.corda.node.Corda_3.3-corda\commons-fileupload-1.3.3.jar;C:\Users\Administrator\corda_bootcamp\cordapp-template-kotlin\build\nodes\.cache\apps\net.corda.node.Corda_3.3-corda\kryo-serializers-0.41.jar;C:\Users\Administrator\corda_bootcamp\cordapp-template-kotlin\build\nodes\.cache\apps\net.corda.node.Corda_3.3-corda\kryo-4.0.0.jar;C:\Users\Administrator\corda_bootcamp\cordapp-template-kotlin\build\nodes\.cache\apps\net.corda.node.Corda_3.3-corda\proton-j-0.21.0.jar;C:\Users\Administrator\corda_bootcamp\cordapp-template-kotlin\build\nodes\.cache\apps\net.corda.node.Corda_3.3-corda\fast-classpath-scanner-2.12.3.jar;C:\Users\Administrator\corda_bootcamp\cordapp-template-kotlin\build\nodes\.cache\apps\net.corda.node.Corda_3.3-corda\jsr305-3.0.2.jar;C:\Users\Administrator\corda_bootcamp\cordapp-template-kotlin\build\nodes\.cache\apps\net.corda.node.Corda_3.3-corda\jcabi-log-0.14.jar;C:\Users\Administrator\corda_bootcamp\cordapp-template-kotlin\build\nodes\.cache\apps\net.corda.node.Corda_3.3-corda\copycat-protocol-1.2.3.jar;C:\Users\Administrator\corda_bootcamp\cordapp-template-kotlin\build\nodes\.cache\apps\net.corda.node.Corda_3.3-corda\catalyst-transport-1.1.2.jar;C:\Users\Administrator\corda_bootcamp\cordapp-template-kotlin\build\nodes\.cache\apps\net.corda.node.Corda_3.3-corda\mina-core-2.0.16.jar;C:\Users\Administrator\corda_bootcamp\cordapp-template-kotlin\build\nodes\.cache\apps\net.corda.node.Corda_3.3-corda\shiro-cache-1.4.0.jar;C:\Users\Administrator\corda_bootcamp\cordapp-template-kotlin\build\nodes\.cache\apps\net.corda.node.Corda_3.3-corda\shiro-crypto-hash-1.4.0.jar;C:\Users\Administrator\corda_bootcamp\cordapp-template-kotlin\build\nodes\.cache\apps\net.corda.node.Corda_3.3-corda\shiro-crypto-cipher-1.4.0.jar;C:\Users\Administrator\corda_bootcamp\cordapp-template-kotlin\build\nodes\.cache\apps\net.corda.node.Corda_3.3-corda\shiro-config-core-1.4.0.jar;C:\Users\Administrator\corda_bootcamp\cordapp-template-kotlin\build\nodes\.cache\apps\net.corda.node.Corda_3.3-corda\shiro-event-1.4.0.jar;C:\Users\Administrator\corda_bootcamp\cordapp-template-kotlin\build\nodes\.cache\apps\net.corda.node.Corda_3.3-corda\shiro-crypto-core-1.4.0.jar;C:\Users\Administrator\corda_bootcamp\cordapp-template-kotlin\build\nodes\.cache\apps\net.corda.node.Corda_3.3-corda\shiro-lang-1.4.0.jar;C:\Users\Administrator\corda_bootcamp\cordapp-template-kotlin\build\nodes\.cache\apps\net.corda.node.Corda_3.3-corda\jcl-over-slf4j-1.7.25.jar;C:\Users\Administrator\corda_bootcamp\cordapp-template-kotlin\build\nodes\.cache\apps\net.corda.node.Corda_3.3-corda\catalyst-concurrent-1.1.2.jar;C:\Users\Administrator\corda_bootcamp\cordapp-template-kotlin\build\nodes\.cache\apps\net.corda.node.Corda_3.3-corda\catalyst-serializer-1.1.2.jar;C:\Users\Administrator\corda_bootcamp\cordapp-template-kotlin\build\nodes\.cache\apps\net.corda.node.Corda_3.3-corda\catalyst-buffer-1.1.2.jar;C:\Users\Administrator\corda_bootcamp\cordapp-template-kotlin\build\nodes\.cache\apps\net.corda.node.Corda_3.3-corda\catalyst-common-1.1.2.jar;C:\Users\Administrator\corda_bootcamp\cordapp-template-kotlin\build\nodes\.cache\apps\net.corda.node.Corda_3.3-corda\sshd-pam-0.11.0.jar;C:\Users\Administrator\corda_bootcamp\cordapp-template-kotlin\build\nodes\.cache\apps\net.corda.node.Corda_3.3-corda\sshd-core-1.6.0.jar;C:\Users\Administrator\corda_bootcamp\cordapp-template-kotlin\build\nodes\.cache\apps\net.corda.node.Corda_3.3-corda\slf4j-api-1.7.25.jar;C:\Users\Administrator\corda_bootcamp\cordapp-template-kotlin\build\nodes\.cache\apps\net.corda.node.Corda_3.3-corda\log4j-core-2.9.1.jar;C:\Users\Administrator\corda_bootcamp\cordapp-template-kotlin\build\nodes\.cache\apps\net.corda.node.Corda_3.3-corda\log4j-api-2.9.1.jar;C:\Users\Administrator\corda_bootcamp\cordapp-template-kotlin\build\nodes\.cache\apps\net.corda.node.Corda_3.3-corda\kotlin-stdlib-jre7-1.1.60.jar;C:\Users\Administrator\corda_bootcamp\cordapp-template-kotlin\build\nodes\.cache\apps\net.corda.node.Corda_3.3-corda\kotlin-stdlib-1.1.60.jar;C:\Users\Administrator\corda_bootcamp\cordapp-template-kotlin\build\nodes\.cache\apps\net.corda.node.Corda_3.3-corda\commons-collections-3.2.2.jar;C:\Users\Administrator\corda_bootcamp\cordapp-template-kotlin\build\nodes\.cache\apps\net.corda.node.Corda_3.3-corda\hibernate-commons-annotations-5.0.1.Final.jar;C:\Users\Administrator\corda_bootcamp\cordapp-template-kotlin\build\nodes\.cache\apps\net.corda.node.Corda_3.3-corda\artemis-native-2.2.0.jar;C:\Users\Administrator\corda_bootcamp\cordapp-template-kotlin\build\nodes\.cache\apps\net.corda.node.Corda_3.3-corda\jboss-logging-3.3.0.Final.jar;C:\Users\Administrator\corda_bootcamp\cordapp-template-kotlin\build\nodes\.cache\apps\net.corda.node.Corda_3.3-corda\artemis-selector-2.2.0.jar;C:\Users\Administrator\corda_bootcamp\cordapp-template-kotlin\build\nodes\.cache\apps\net.corda.node.Corda_3.3-corda\jgroups-3.6.13.Final.jar;C:\Users\Administrator\corda_bootcamp\cordapp-template-kotlin\build\nodes\.cache\apps\net.corda.node.Corda_3.3-corda\geronimo-json_1.0_spec-1.0-alpha-1.jar;C:\Users\Administrator\corda_bootcamp\cordapp-template-kotlin\build\nodes\.cache\apps\net.corda.node.Corda_3.3-corda\johnzon-core-0.9.5.jar;C:\Users\Administrator\corda_bootcamp\cordapp-template-kotlin\build\nodes\.cache\apps\net.corda.node.Corda_3.3-corda\forms-1.1-preview.jar;C:\Users\Administrator\corda_bootcamp\cordapp-template-kotlin\build\nodes\.cache\apps\net.corda.node.Corda_3.3-corda\jdom-1.0.jar;C:\Users\Administrator\corda_bootcamp\cordapp-template-kotlin\build\nodes\.cache\apps\net.corda.node.Corda_3.3-corda\jackson-dataformat-yaml-2.9.2.jar;C:\Users\Administrator\corda_bootcamp\cordapp-template-kotlin\build\nodes\.cache\apps\net.corda.node.Corda_3.3-corda\jackson-datatype-jsr310-2.9.2.jar;C:\Users\Administrator\corda_bootcamp\cordapp-template-kotlin\build\nodes\.cache\apps\net.corda.node.Corda_3.3-corda\hibernate-jpa-2.1-api-1.0.0.Final.jar;C:\Users\Administrator\corda_bootcamp\cordapp-template-kotlin\build\nodes\.cache\apps\net.corda.node.Corda_3.3-corda\javassist-3.20.0-GA.jar;C:\Users\Administrator\corda_bootcamp\cordapp-template-kotlin\build\nodes\.cache\apps\net.corda.node.Corda_3.3-corda\antlr-2.7.7.jar;C:\Users\Administrator\corda_bootcamp\cordapp-template-kotlin\build\nodes\.cache\apps\net.corda.node.Corda_3.3-corda\geronimo-jta_1.1_spec-1.1.1.jar;C:\Users\Administrator\corda_bootcamp\cordapp-template-kotlin\build\nodes\.cache\apps\net.corda.node.Corda_3.3-corda\jandex-2.0.3.Final.jar;C:\Users\Administrator\corda_bootcamp\cordapp-template-kotlin\build\nodes\.cache\apps\net.corda.node.Corda_3.3-corda\classmate-1.3.0.jar;C:\Users\Administrator\corda_bootcamp\cordapp-template-kotlin\build\nodes\.cache\apps\net.corda.node.Corda_3.3-corda\dom4j-1.6.1.jar;C:\Users\Administrator\corda_bootcamp\cordapp-template-kotlin\build\nodes\.cache\apps\net.corda.node.Corda_3.3-corda\cdi-api-1.1.jar;C:\Users\Administrator\corda_bootcamp\cordapp-template-kotlin\build\nodes\.cache\apps\net.corda.node.Corda_3.3-corda\crash.cli-cadb53544fbb3c0fb901445da614998a6a419488.jar;C:\Users\Administrator\corda_bootcamp\cordapp-template-kotlin\build\nodes\.cache\apps\net.corda.node.Corda_3.3-corda\groovy-all-1.8.9.jar;C:\Users\Administrator\corda_bootcamp\cordapp-template-kotlin\build\nodes\.cache\apps\net.corda.node.Corda_3.3-corda\okio-1.11.0.jar;C:\Users\Administrator\corda_bootcamp\cordapp-template-kotlin\build\nodes\.cache\apps\net.corda.node.Corda_3.3-corda\jolokia-core-1.6.0.jar;C:\Users\Administrator\corda_bootcamp\cordapp-template-kotlin\build\nodes\.cache\apps\net.corda.node.Corda_3.3-corda\json-simple-1.1.1.jar;C:\Users\Administrator\corda_bootcamp\cordapp-template-kotlin\build\nodes\.cache\apps\net.corda.node.Corda_3.3-corda\rxjava-1.2.4.jar;C:\Users\Administrator\corda_bootcamp\cordapp-template-kotlin\build\nodes\.cache\apps\net.corda.node.Corda_3.3-corda\commons-jexl3-3.0.jar;C:\Users\Administrator\corda_bootcamp\cordapp-template-kotlin\build\nodes\.cache\apps\net.corda.node.Corda_3.3-corda\jackson-databind-2.9.2.jar;C:\Users\Administrator\corda_bootcamp\cordapp-template-kotlin\build\nodes\.cache\apps\net.corda.node.Corda_3.3-corda\eddsa-0.2.0.jar;C:\Users\Administrator\corda_bootcamp\cordapp-template-kotlin\build\nodes\.cache\apps\net.corda.node.Corda_3.3-corda\bcpkix-jdk15on-1.57.jar;C:\Users\Administrator\corda_bootcamp\cordapp-template-kotlin\build\nodes\.cache\apps\net.corda.node.Corda_3.3-corda\bcprov-jdk15on-1.57.jar;C:\Users\Administrator\corda_bootcamp\cordapp-template-kotlin\build\nodes\.cache\apps\net.corda.node.Corda_3.3-corda\commons-io-2.2.jar;C:\Users\Administrator\corda_bootcamp\cordapp-template-kotlin\build\nodes\.cache\apps\net.corda.node.Corda_3.3-corda\reflectasm-1.11.3.jar;C:\Users\Administrator\corda_bootcamp\cordapp-template-kotlin\build\nodes\.cache\apps\net.corda.node.Corda_3.3-corda\minlog-1.3.0.jar;C:\Users\Administrator\corda_bootcamp\cordapp-template-kotlin\build\nodes\.cache\apps\net.corda.node.Corda_3.3-corda\objenesis-2.2.jar;C:\Users\Administrator\corda_bootcamp\cordapp-template-kotlin\build\nodes\.cache\apps\net.corda.node.Corda_3.3-corda\annotations-13.0.jar;C:\Users\Administrator\corda_bootcamp\cordapp-template-kotlin\build\nodes\.cache\apps\net.corda.node.Corda_3.3-corda\jackson-annotations-2.9.0.jar;C:\Users\Administrator\corda_bootcamp\cordapp-template-kotlin\build\nodes\.cache\apps\net.corda.node.Corda_3.3-corda\snakeyaml-1.18.jar;C:\Users\Administrator\corda_bootcamp\cordapp-template-kotlin\build\nodes\.cache\apps\net.corda.node.Corda_3.3-corda\jackson-core-2.9.2.jar;C:\Users\Administrator\corda_bootcamp\cordapp-template-kotlin\build\nodes\.cache\apps\net.corda.node.Corda_3.3-corda\el-api-2.2.jar;C:\Users\Administrator\corda_bootcamp\cordapp-template-kotlin\build\nodes\.cache\apps\net.corda.node.Corda_3.3-corda\jboss-interceptors-api_1.1_spec-1.0.0.Beta1.jar;C:\Users\Administrator\corda_bootcamp\cordapp-template-kotlin\build\nodes\.cache\apps\net.corda.node.Corda_3.3-corda\jsr250-api-1.0.jar;C:\Users\Administrator\corda_bootcamp\cordapp-template-kotlin\build\nodes\.cache\apps\net.corda.node.Corda_3.3-corda\javax.inject-1.jar;C:\Users\Administrator\corda_bootcamp\cordapp-template-kotlin\build\nodes\.cache\apps\net.corda.node.Corda_3.3-corda\jpam-1.1.jar;C:\Users\Administrator\corda_bootcamp\cordapp-template-kotlin\build\nodes\.cache\apps\net.corda.node.Corda_3.3-corda\geronimo-jms_2.0_spec-1.0-alpha-2.jar;C:\Users\Administrator\corda_bootcamp\cordapp-template-kotlin\build\nodes\.cache\apps\net.corda.node.Corda_3.3-corda\asm-5.0.4.jar;C:\Users\Administrator\corda_bootcamp\cordapp-template-kotlin\build\nodes\.cache\apps\net.corda.node.Corda_3.3-corda\corda-node-3.3-corda.jar;C:\Users\Administrator\corda_bootcamp\cordapp-template-kotlin\build\nodes\.cache\apps\net.corda.node.Corda_3.3-corda\quasar-core-0.7.9-jdk8.jar;C:\Users\Administrator\corda_bootcamp\cordapp-template-kotlin\build\nodes\PartyB\corda.jar {}
[INFO ] 2019-01-11T11:58:28,761Z [main] internal.Node.logStartupInfo - VM Java HotSpot(TM) 64-Bit Server VM Oracle Corporation 25.171-b11 {}
[INFO ] 2019-01-11T11:58:28,761Z [main] internal.Node.logStartupInfo - Machine: MASTER-CORDA {}
[INFO ] 2019-01-11T11:58:28,761Z [main] internal.Node.logStartupInfo - Working Directory: C:\Users\Administrator\corda_bootcamp\cordapp-template-kotlin\build\nodes\PartyB {}
[INFO ] 2019-01-11T11:58:28,761Z [main] internal.Node.logStartupInfo - Starting as node on localhost:10008 {}
[INFO ] 2019-01-11T11:58:29,214Z [main] cordapp.CordappLoader.<init> - No CorDapp paths provided {}
[INFO ] 2019-01-11T11:58:29,767Z [main] internal.Node.generateAndSaveNodeInfo - Generating nodeInfo ... {}
[WARN ] 2019-01-11T11:58:29,767Z [main] internal.Node.initCertificate - Corda node is running in dev mode. {}
[INFO ] 2019-01-11T11:58:32,204Z [main] internal.Node.obtainIdentity - identity-private-key not found in key store C:\Users\Administrator\corda_bootcamp\cordapp-template-kotlin\build\nodes\PartyB\certificates\nodekeystore.jks, generating fresh key! {}
[INFO ] 2019-01-11T11:58:33,262Z [main] BasicInfo.printBasicNodeInfo - Database connection url is              : jdbc:h2:tcp://10.44.206.251:65434/node {}
[INFO ] 2019-01-11T11:58:33,465Z [main] hikari.HikariDataSource.<init> - HikariPool-1 - Started. {}
[INFO ] 2019-01-11T11:58:33,965Z [main] internal.Node.invoke - Connected to H2 database. {}
[INFO ] 2019-01-11T11:58:34,044Z [main] persistence.HibernateConfiguration.<init> - Init HibernateConfiguration for schemas: [CommonSchemaV1(name=net.corda.core.schemas.CommonSchema, version=1), VaultSchemaV1(name=net.corda.node.services.vault.VaultSchema, version=1), NodeInfoSchemaV1(name=net.corda.node.internal.schemas.NodeInfoSchema, version=1), NodeCoreV1(name=net.corda.node.services.schema.NodeSchemaService$NodeCore, version=1)] {}
[INFO ] 2019-01-11T11:58:34,044Z [main] persistence.HibernateConfiguration.makeSessionFactoryForSchemas - Creating session factory for schemas: [CommonSchemaV1(name=net.corda.core.schemas.CommonSchema, version=1), VaultSchemaV1(name=net.corda.node.services.vault.VaultSchema, version=1), NodeInfoSchemaV1(name=net.corda.node.internal.schemas.NodeInfoSchema, version=1), NodeCoreV1(name=net.corda.node.services.schema.NodeSchemaService$NodeCore, version=1)] {}
[INFO ] 2019-01-11T11:58:34,278Z [main] hibernate.Version.logVersion - HHH000412: Hibernate Core {5.2.6.Final} {}
[INFO ] 2019-01-11T11:58:34,278Z [main] cfg.Environment.<clinit> - HHH000206: hibernate.properties not found {}
[INFO ] 2019-01-11T11:58:34,387Z [main] common.Version.<clinit> - HCANN000001: Hibernate Commons Annotations {5.0.1.Final} {}
[INFO ] 2019-01-11T11:58:34,606Z [main] internal.ConnectionProviderInitiator.initiateService - HHH000130: Instantiating explicit connection provider: net.corda.nodeapi.internal.persistence.HibernateConfiguration$NodeDatabaseConnectionProvider {}
[INFO ] 2019-01-11T11:58:34,637Z [main] dialect.Dialect.<init> - HHH000400: Using dialect: org.hibernate.dialect.H2Dialect {}
[INFO ] 2019-01-11T11:58:34,715Z [main] type.BasicTypeRegistry.register - HHH000270: Type registration [materialized_blob] overrides previous : org.hibernate.type.MaterializedBlobType@29079032 {}
[INFO ] 2019-01-11T11:58:36,950Z [main] connections.access.getIsolatedConnection - HHH10001501: Connection obtained from JdbcConnectionAccess [org.hibernate.engine.jdbc.env.internal.JdbcEnvironmentInitiator$ConnectionProviderJdbcConnectionAccess@5cc3e49b] for (non-JTA) DDL execution was not in auto-commit mode; the Connection 'local transaction' will be committed and the Connection will be set into auto-commit mode. {}
[INFO ] 2019-01-11T11:58:37,075Z [main] persistence.HibernateConfiguration.makeSessionFactoryForSchemas - Created session factory for schemas: [CommonSchemaV1(name=net.corda.core.schemas.CommonSchema, version=1), VaultSchemaV1(name=net.corda.node.services.vault.VaultSchema, version=1), NodeInfoSchemaV1(name=net.corda.node.internal.schemas.NodeInfoSchema, version=1), NodeCoreV1(name=net.corda.node.services.schema.NodeSchemaService$NodeCore, version=1)] {}
[INFO ] 2019-01-11T11:58:37,340Z [main] internal.QueryTranslatorFactoryInitiator.initiateService - HHH000397: Using ASTQueryTranslatorFactory {}
[INFO ] 2019-01-11T11:58:37,606Z [main] internal.Node.updateNodeInfo - Node-info has changed so submitting update. Old node-info was null {}
[INFO ] 2019-01-11T11:58:37,606Z [main] network.PersistentNetworkMapCache.addNode - Adding node with info: NodeInfo(addresses=[localhost:10008], legalIdentitiesAndCerts=[O=PartyB, L=New York, C=US], platformVersion=3, serial=1547207917606) {}
[INFO ] 2019-01-11T11:58:37,653Z [main] network.PersistentNetworkMapCache.addNode - No previous node found {}
[INFO ] 2019-01-11T11:58:38,309Z [main] network.PersistentNetworkMapCache.addNode - Done adding node with info: NodeInfo(addresses=[localhost:10008], legalIdentitiesAndCerts=[O=PartyB, L=New York, C=US], platformVersion=3, serial=1547207917606) {}
[INFO ] 2019-01-11T11:58:38,309Z [main] internal.Node.updateNodeInfo - New node-info: NodeInfo(addresses=[localhost:10008], legalIdentitiesAndCerts=[O=PartyB, L=New York, C=US], platformVersion=3, serial=1547207917606) {}
[INFO ] 2019-01-11T11:58:38,637Z [main] internal.Node.run - Node exiting successfully {}
[INFO ] 2019-01-11T12:00:25,782Z [main] manifests.Manifests.info - 111 attributes loaded from 127 stream(s) in 5s, 111 saved, 1970 ignored: ["ActiveMQ-Version", "Agent-Class", "Ant-Version", "Application-Class", "Application-Library-Allowable-Codebase", "Application-Name", "Application-Version", "Archiver-Version", "Automatic-Module-Name", "Bnd-LastModified", "Branch", "Build-Date", "Build-Host", "Build-Id", "Build-Java-Version", "Build-Jdk", "Build-Job", "Build-Number", "Build-Timestamp", "Built-By", "Built-OS", "Built-Status", "Bundle-Activator", "Bundle-Category", "Bundle-ClassPath", "Bundle-Copyright", "Bundle-Description", "Bundle-DocURL", "Bundle-License", "Bundle-ManifestVersion", "Bundle-Name", "Bundle-RequiredExecutionEnvironment", "Bundle-SymbolicName", "Bundle-Vendor", "Bundle-Version", "Caller-Allowable-Codebase", "Can-Redefine-Classes", "Can-Retransform-Classes", "Can-Set-Native-Method-Prefix", "Caplets", "Change", "Codebase", "Corda-Platform-Version", "Corda-Release-Version", "Corda-Revision", "Corda-Vendor", "Created-By", "DynamicImport-Package", "Eclipse-BuddyPolicy", "Eclipse-LazyStart", "Export-Package", "Extension-Name", "Fragment-Host", "Gradle-Version", "Ignore-Package", "Implementation-Build", "Implementation-Build-Date", "Implementation-Title", "Implementation-URL", "Implementation-Url", "Implementation-Vendor", "Implementation-Vendor-Id", "Implementation-Version", "Import-Package", "Include-Resource", "JCabi-Build", "JCabi-Date", "JCabi-Version", "JVM-Args", "Java-Agents", "Java-Vendor", "Java-Version", "Kotlin-Runtime-Component", "Kotlin-Version", "Log4jReleaseKey", "Log4jReleaseManager", "Log4jReleaseVersion", "Main-Class", "Main-class", "Manifest-Version", "Min-Java-Version", "Min-Update-Version", "Module-Email", "Module-Origin", "Module-Owner", "Module-Source", "Multi-Release", "Originally-Created-By", "Os-Arch", "Os-Name", "Os-Version", "Package", "Permissions", "Premain-Class", "Private-Package", "Provide-Capability", "Require-Capability", "SCM-Revision", "SCM-url", "Scm-Connection", "Scm-Revision", "Scm-Url", "Service-Component", "Specification-Title", "Specification-Vendor", "Specification-Version", "System-Properties", "Tool", "Trusted-Library", "X-Compile-Source-JDK", "X-Compile-Target-JDK"] {}
[INFO ] 2019-01-11T12:00:26,438Z [main] BasicInfo.printBasicNodeInfo - Logs can be found in                    : C:\Users\Administrator\corda_bootcamp\cordapp-template-kotlin\build\nodes\PartyB\logs {}
[INFO ] 2019-01-11T12:00:27,157Z [main] config.ConfigHelper.loadConfig - Config:
{
    # reference.conf @ jar:file:/C:/Users/Administrator/corda_bootcamp/cordapp-template-kotlin/build/nodes/PartyB/corda.jar!/reference.conf: 20
    "activeMQServer" : {
        # reference.conf @ jar:file:/C:/Users/Administrator/corda_bootcamp/cordapp-template-kotlin/build/nodes/PartyB/corda.jar!/reference.conf: 21
        "bridge" : {
            # reference.conf @ jar:file:/C:/Users/Administrator/corda_bootcamp/cordapp-template-kotlin/build/nodes/PartyB/corda.jar!/reference.conf: 24
            "maxRetryIntervalMin" : 3,
            # reference.conf @ jar:file:/C:/Users/Administrator/corda_bootcamp/cordapp-template-kotlin/build/nodes/PartyB/corda.jar!/reference.conf: 22
            "retryIntervalMs" : 5000,
            # reference.conf @ jar:file:/C:/Users/Administrator/corda_bootcamp/cordapp-template-kotlin/build/nodes/PartyB/corda.jar!/reference.conf: 23
            "retryIntervalMultiplier" : 1.5
        }
    },
    # hardcoded value
    "baseDirectory" : "C:\\Users\\Administrator\\corda_bootcamp\\cordapp-template-kotlin\\build\\nodes\\PartyB",
    # merge of reference.conf @ jar:file:/C:/Users/Administrator/corda_bootcamp/cordapp-template-kotlin/build/nodes/PartyB/corda.jar!/reference.conf: 6,reference.conf @ jar:file:/C:/Users/Administrator/AppData/Local/capsule/apps/net.corda.node.Corda_3.3-corda/corda-node-3.3-corda.jar!/reference.conf: 6
    "dataSourceProperties" : {
        # reference.conf @ jar:file:/C:/Users/Administrator/corda_bootcamp/cordapp-template-kotlin/build/nodes/PartyB/corda.jar!/reference.conf: 10
        "dataSource.password" : "",
        # merge of reference.conf @ jar:file:/C:/Users/Administrator/corda_bootcamp/cordapp-template-kotlin/build/nodes/PartyB/corda.jar!/reference.conf: 8,hardcoded value,reference.conf @ jar:file:/C:/Users/Administrator/corda_bootcamp/cordapp-template-kotlin/build/nodes/PartyB/corda.jar!/reference.conf: 8,reference.conf @ jar:file:/C:/Users/Administrator/corda_bootcamp/cordapp-template-kotlin/build/nodes/PartyB/corda.jar!/reference.conf: 17
        "dataSource.url" : "jdbc:h2:file:C:\\Users\\Administrator\\corda_bootcamp\\cordapp-template-kotlin\\build\\nodes\\PartyB/persistence;DB_CLOSE_ON_EXIT=FALSE;LOCK_TIMEOUT=10000;WRITE_DELAY=100;AUTO_SERVER_PORT=0",
        # reference.conf @ jar:file:/C:/Users/Administrator/corda_bootcamp/cordapp-template-kotlin/build/nodes/PartyB/corda.jar!/reference.conf: 9
        "dataSource.user" : "sa",
        # reference.conf @ jar:file:/C:/Users/Administrator/corda_bootcamp/cordapp-template-kotlin/build/nodes/PartyB/corda.jar!/reference.conf: 7
        "dataSourceClassName" : "org.h2.jdbcx.JdbcDataSource"
    },
    # reference.conf @ jar:file:/C:/Users/Administrator/corda_bootcamp/cordapp-template-kotlin/build/nodes/PartyB/corda.jar!/reference.conf: 12
    "database" : {
        # reference.conf @ jar:file:/C:/Users/Administrator/corda_bootcamp/cordapp-template-kotlin/build/nodes/PartyB/corda.jar!/reference.conf: 14
        "exportHibernateJMXStatistics" : "false",
        # reference.conf @ jar:file:/C:/Users/Administrator/corda_bootcamp/cordapp-template-kotlin/build/nodes/PartyB/corda.jar!/reference.conf: 13
        "transactionIsolationLevel" : "REPEATABLE_READ"
    },
    # reference.conf @ jar:file:/C:/Users/Administrator/corda_bootcamp/cordapp-template-kotlin/build/nodes/PartyB/corda.jar!/reference.conf: 16
    "devMode" : true,
    # reference.conf @ jar:file:/C:/Users/Administrator/corda_bootcamp/cordapp-template-kotlin/build/nodes/PartyB/corda.jar!/reference.conf: 2
    "emailAddress" : "admin@company.com",
    # reference.conf @ jar:file:/C:/Users/Administrator/corda_bootcamp/cordapp-template-kotlin/build/nodes/PartyB/corda.jar!/reference.conf: 3
    "exportJMXto" : "http",
    # reference.conf @ jar:file:/C:/Users/Administrator/corda_bootcamp/cordapp-template-kotlin/build/nodes/PartyB/corda.jar!/reference.conf: 31
    "flowTimeout" : {
        # reference.conf @ jar:file:/C:/Users/Administrator/corda_bootcamp/cordapp-template-kotlin/build/nodes/PartyB/corda.jar!/reference.conf: 34
        "backoffBase" : 1.8,
        # reference.conf @ jar:file:/C:/Users/Administrator/corda_bootcamp/cordapp-template-kotlin/build/nodes/PartyB/corda.jar!/reference.conf: 33
        "maxRestartCount" : 5,
        # reference.conf @ jar:file:/C:/Users/Administrator/corda_bootcamp/cordapp-template-kotlin/build/nodes/PartyB/corda.jar!/reference.conf: 32
        "timeout" : "30 seconds"
    },
    # reference.conf @ jar:file:/C:/Users/Administrator/corda_bootcamp/cordapp-template-kotlin/build/nodes/PartyB/corda.jar!/reference.conf: 17
    "h2port" : 0,
    # reference.conf @ jar:file:/C:/Users/Administrator/corda_bootcamp/cordapp-template-kotlin/build/nodes/PartyB/corda.jar!/reference.conf: 4
    "keyStorePassword" : "cordacadevpass",
    # C:\Users\Administrator\corda_bootcamp\cordapp-template-kotlin\build\nodes\PartyB\node.conf: 1
    "myLegalName" : "O=PartyB,L=New York,C=US",
    # hardcoded value
    "noLocalShell" : false,
    # C:\Users\Administrator\corda_bootcamp\cordapp-template-kotlin\build\nodes\PartyB\node.conf: 2
    "p2pAddress" : "localhost:10008",
    # merge of C:\Users\Administrator\corda_bootcamp\cordapp-template-kotlin\build\nodes\PartyB\node.conf: 3,reference.conf @ jar:file:/C:/Users/Administrator/corda_bootcamp/cordapp-template-kotlin/build/nodes/PartyB/corda.jar!/reference.conf: 27
    "rpcSettings" : {
        # C:\Users\Administrator\corda_bootcamp\cordapp-template-kotlin\build\nodes\PartyB\node.conf: 4
        "address" : "localhost:10009",
        # C:\Users\Administrator\corda_bootcamp\cordapp-template-kotlin\build\nodes\PartyB\node.conf: 5
        "adminAddress" : "localhost:10049",
        # reference.conf @ jar:file:/C:/Users/Administrator/corda_bootcamp/cordapp-template-kotlin/build/nodes/PartyB/corda.jar!/reference.conf: 29
        "standAloneBroker" : false,
        # reference.conf @ jar:file:/C:/Users/Administrator/corda_bootcamp/cordapp-template-kotlin/build/nodes/PartyB/corda.jar!/reference.conf: 28
        "useSsl" : false
    },
    # C:\Users\Administrator\corda_bootcamp\cordapp-template-kotlin\build\nodes\PartyB\node.conf: 7
    "rpcUsers" : [
        # C:\Users\Administrator\corda_bootcamp\cordapp-template-kotlin\build\nodes\PartyB\node.conf: 8
        {
            # C:\Users\Administrator\corda_bootcamp\cordapp-template-kotlin\build\nodes\PartyB\node.conf: 9
            "password" : "test",
            # C:\Users\Administrator\corda_bootcamp\cordapp-template-kotlin\build\nodes\PartyB\node.conf: 10
            "permissions" : [
                # C:\Users\Administrator\corda_bootcamp\cordapp-template-kotlin\build\nodes\PartyB\node.conf: 11
                "ALL"
            ],
            # C:\Users\Administrator\corda_bootcamp\cordapp-template-kotlin\build\nodes\PartyB\node.conf: 13
            "user" : "user1"
        }
    ],
    # reference.conf @ jar:file:/C:/Users/Administrator/corda_bootcamp/cordapp-template-kotlin/build/nodes/PartyB/corda.jar!/reference.conf: 5
    "trustStorePassword" : "trustpass",
    # reference.conf @ jar:file:/C:/Users/Administrator/corda_bootcamp/cordapp-template-kotlin/build/nodes/PartyB/corda.jar!/reference.conf: 18
    "useTestClock" : false,
    # reference.conf @ jar:file:/C:/Users/Administrator/corda_bootcamp/cordapp-template-kotlin/build/nodes/PartyB/corda.jar!/reference.conf: 19
    "verifierType" : "InMemory"
}
 {}
[WARN ] 2019-01-11T12:00:30,355Z [main] internal.config.defaultToOldPath - Config key user has been deprecated and will be removed in a future release. Use username instead {}
[INFO ] 2019-01-11T12:00:30,495Z [main] internal.Node.logStartupInfo - Vendor: Corda Open Source {}
[INFO ] 2019-01-11T12:00:30,495Z [main] internal.Node.logStartupInfo - Release: 3.3-corda {}
[INFO ] 2019-01-11T12:00:30,495Z [main] internal.Node.logStartupInfo - Platform Version: 3 {}
[INFO ] 2019-01-11T12:00:30,495Z [main] internal.Node.logStartupInfo - Revision: c834162cd488784a0412bba4c9e638da89912ac2 {}
[INFO ] 2019-01-11T12:00:30,589Z [main] internal.Node.logStartupInfo - PID: 7580 {}
[INFO ] 2019-01-11T12:00:30,589Z [main] internal.Node.logStartupInfo - Main class: /C:/Users/Administrator/AppData/Local/capsule/apps/net.corda.node.Corda_3.3-corda/corda-node-3.3-corda.jar {}
[INFO ] 2019-01-11T12:00:30,589Z [main] internal.Node.logStartupInfo - CommandLine Args: -Xmx200m -XX:+UseG1GC -agentlib:jdwp=transport=dt_socket,server=y,suspend=n,address=5007 -javaagent:drivers/jolokia-jvm-1.3.7-agent.jar=port=7007,logHandlerClass=net.corda.node.JolokiaSlf4Adapter -javaagent:C:\Users\Administrator\AppData\Local\capsule\apps\net.corda.node.Corda_3.3-corda\quasar-core-0.7.9-jdk8.jar=x(antlr**;bftsmart**;ch**;co.paralleluniverse**;com.codahale**;com.esotericsoftware**;com.fasterxml**;com.google**;com.ibm**;com.intellij**;com.jcabi**;com.nhaarman**;com.opengamma**;com.typesafe**;com.zaxxer**;de.javakaffee**;groovy**;groovyjarjarantlr**;groovyjarjarasm**;io.atomix**;io.github**;io.netty**;jdk**;joptsimple**;junit**;kotlin**;net.bytebuddy**;net.i2p**;org.apache**;org.assertj**;org.bouncycastle**;org.codehaus**;org.crsh**;org.dom4j**;org.fusesource**;org.h2**;org.hamcrest**;org.hibernate**;org.jboss**;org.jcp**;org.joda**;org.junit**;org.mockito**;org.objectweb**;org.objenesis**;org.slf4j**;org.w3c**;org.xml**;org.yaml**;reflectasm**;rx**;org.jolokia**) -javaagent:C:\Users\Administrator\corda_bootcamp\cordapp-template-kotlin\build\nodes\PartyB\corda.jar -Dcapsule.address=0.0.0.0 -Dvisualvm.display.name=Corda -Djava.library.path=C:\Program Files\Java\jre1.8.0_171\bin;C:\Windows\Sun\Java\bin;C:\Windows\system32;C:\Windows;C:\Program Files (x86)\Common Files\Oracle\Java\javapath;C:\Windows\system32;C:\Windows;C:\Windows\System32\Wbem;C:\Windows\System32\WindowsPowerShell\v1.0;C:\Program Files\Java\jdk1.8.0_171\bin;C:\Program Files\Git\cmd;C:\Users\Administrator\AppData\Local\capsule\apps\net.corda.node.Corda_3.3-corda -Dcapsule.log=1 -Dcapsule.app=net.corda.node.Corda_3.3-corda -Dcapsule.port=65446 -Dname=PartyB-corda.jar -Dcapsule.jvm.args=-agentlib:jdwp=transport=dt_socket,server=y,suspend=n,address=5007 -javaagent:drivers/jolokia-jvm-1.3.7-agent.jar=port=7007,logHandlerClass=net.corda.node.JolokiaSlf4Adapter -Dcapsule.dir=C:\Users\Administrator\AppData\Local\capsule\apps\net.corda.node.Corda_3.3-corda -Dcapsule.jar=C:\Users\Administrator\corda_bootcamp\cordapp-template-kotlin\build\nodes\PartyB\corda.jar {}
[INFO ] 2019-01-11T12:00:30,589Z [main] internal.Node.logStartupInfo - Application Args:  {}
[INFO ] 2019-01-11T12:00:30,589Z [main] internal.Node.logStartupInfo - bootclasspath: C:\Program Files\Java\jre1.8.0_171\lib\resources.jar;C:\Program Files\Java\jre1.8.0_171\lib\rt.jar;C:\Program Files\Java\jre1.8.0_171\lib\sunrsasign.jar;C:\Program Files\Java\jre1.8.0_171\lib\jsse.jar;C:\Program Files\Java\jre1.8.0_171\lib\jce.jar;C:\Program Files\Java\jre1.8.0_171\lib\charsets.jar;C:\Program Files\Java\jre1.8.0_171\lib\jfr.jar;C:\Program Files\Java\jre1.8.0_171\classes {}
[INFO ] 2019-01-11T12:00:30,589Z [main] internal.Node.logStartupInfo - classpath: C:\Users\Administrator\corda_bootcamp\cordapp-template-kotlin\build\nodes\PartyB\corda.jar;C:\Users\Administrator\AppData\Local\capsule\apps\net.corda.node.Corda_3.3-corda\corda-rpc-3.3-corda.jar;C:\Users\Administrator\AppData\Local\capsule\apps\net.corda.node.Corda_3.3-corda\corda-node-api-3.3-corda.jar;C:\Users\Administrator\AppData\Local\capsule\apps\net.corda.node.Corda_3.3-corda\corda-confidential-identities-3.3-corda.jar;C:\Users\Administrator\AppData\Local\capsule\apps\net.corda.node.Corda_3.3-corda\cordform-common-3.2.1.jar;C:\Users\Administrator\AppData\Local\capsule\apps\net.corda.node.Corda_3.3-corda\log4j-slf4j-impl-2.9.1.jar;C:\Users\Administrator\AppData\Local\capsule\apps\net.corda.node.Corda_3.3-corda\log4j-web-2.9.1.jar;C:\Users\Administrator\AppData\Local\capsule\apps\net.corda.node.Corda_3.3-corda\jul-to-slf4j-1.7.25.jar;C:\Users\Administrator\AppData\Local\capsule\apps\net.corda.node.Corda_3.3-corda\corda-jackson-3.3-corda.jar;C:\Users\Administrator\AppData\Local\capsule\apps\net.corda.node.Corda_3.3-corda\corda-core-3.3-corda.jar;C:\Users\Administrator\AppData\Local\capsule\apps\net.corda.node.Corda_3.3-corda\kotlin-stdlib-jre8-1.1.60.jar;C:\Users\Administrator\AppData\Local\capsule\apps\net.corda.node.Corda_3.3-corda\jackson-module-kotlin-2.9.2.jar;C:\Users\Administrator\AppData\Local\capsule\apps\net.corda.node.Corda_3.3-corda\kotlin-reflect-1.1.60.jar;C:\Users\Administrator\AppData\Local\capsule\apps\net.corda.node.Corda_3.3-corda\jimfs-1.1.jar;C:\Users\Administrator\AppData\Local\capsule\apps\net.corda.node.Corda_3.3-corda\artemis-amqp-protocol-2.2.0.jar;C:\Users\Administrator\AppData\Local\capsule\apps\net.corda.node.Corda_3.3-corda\artemis-server-2.2.0.jar;C:\Users\Administrator\AppData\Local\capsule\apps\net.corda.node.Corda_3.3-corda\artemis-jdbc-store-2.2.0.jar;C:\Users\Administrator\AppData\Local\capsule\apps\net.corda.node.Corda_3.3-corda\artemis-jms-client-2.2.0.jar;C:\Users\Administrator\AppData\Local\capsule\apps\net.corda.node.Corda_3.3-corda\artemis-core-client-2.2.0.jar;C:\Users\Administrator\AppData\Local\capsule\apps\net.corda.node.Corda_3.3-corda\artemis-journal-2.2.0.jar;C:\Users\Administrator\AppData\Local\capsule\apps\net.corda.node.Corda_3.3-corda\artemis-commons-2.2.0.jar;C:\Users\Administrator\AppData\Local\capsule\apps\net.corda.node.Corda_3.3-corda\guava-21.0.jar;C:\Users\Administrator\AppData\Local\capsule\apps\net.corda.node.Corda_3.3-corda\jopt-simple-5.0.2.jar;C:\Users\Administrator\AppData\Local\capsule\apps\net.corda.node.Corda_3.3-corda\commons-collections4-4.1.jar;C:\Users\Administrator\AppData\Local\capsule\apps\net.corda.node.Corda_3.3-corda\shiro-core-1.4.0.jar;C:\Users\Administrator\AppData\Local\capsule\apps\net.corda.node.Corda_3.3-corda\shiro-config-ogdl-1.4.0.jar;C:\Users\Administrator\AppData\Local\capsule\apps\net.corda.node.Corda_3.3-corda\commons-beanutils-1.9.3.jar;C:\Users\Administrator\AppData\Local\capsule\apps\net.corda.node.Corda_3.3-corda\jansi-1.14.jar;C:\Users\Administrator\AppData\Local\capsule\apps\net.corda.node.Corda_3.3-corda\jcabi-manifests-1.1.jar;C:\Users\Administrator\AppData\Local\capsule\apps\net.corda.node.Corda_3.3-corda\forms_rt-7.0.3.jar;C:\Users\Administrator\AppData\Local\capsule\apps\net.corda.node.Corda_3.3-corda\metrics-core-3.1.2.jar;C:\Users\Administrator\AppData\Local\capsule\apps\net.corda.node.Corda_3.3-corda\config-1.3.1.jar;C:\Users\Administrator\AppData\Local\capsule\apps\net.corda.node.Corda_3.3-corda\h2-1.4.194.jar;C:\Users\Administrator\AppData\Local\capsule\apps\net.corda.node.Corda_3.3-corda\postgresql-42.1.4.jar;C:\Users\Administrator\AppData\Local\capsule\apps\net.corda.node.Corda_3.3-corda\HikariCP-2.5.1.jar;C:\Users\Administrator\AppData\Local\capsule\apps\net.corda.node.Corda_3.3-corda\hibernate-java8-5.2.6.Final.jar;C:\Users\Administrator\AppData\Local\capsule\apps\net.corda.node.Corda_3.3-corda\hibernate-core-5.2.6.Final.jar;C:\Users\Administrator\AppData\Local\capsule\apps\net.corda.node.Corda_3.3-corda\copycat-client-1.2.3.jar;C:\Users\Administrator\AppData\Local\capsule\apps\net.corda.node.Corda_3.3-corda\copycat-server-1.2.3.jar;C:\Users\Administrator\AppData\Local\capsule\apps\net.corda.node.Corda_3.3-corda\catalyst-netty-1.1.2.jar;C:\Users\Administrator\AppData\Local\capsule\apps\net.corda.node.Corda_3.3-corda\netty-all-4.1.9.Final.jar;C:\Users\Administrator\AppData\Local\capsule\apps\net.corda.node.Corda_3.3-corda\crash.connectors.ssh-cadb53544fbb3c0fb901445da614998a6a419488.jar;C:\Users\Administrator\AppData\Local\capsule\apps\net.corda.node.Corda_3.3-corda\crash.shell-cadb53544fbb3c0fb901445da614998a6a419488.jar;C:\Users\Administrator\AppData\Local\capsule\apps\net.corda.node.Corda_3.3-corda\okhttp-3.5.0.jar;C:\Users\Administrator\AppData\Local\capsule\apps\net.corda.node.Corda_3.3-corda\commons-codec-1.10.jar;C:\Users\Administrator\AppData\Local\capsule\apps\net.corda.node.Corda_3.3-corda\library-master-v1.1-beta-g6215ec8-87.jar;C:\Users\Administrator\AppData\Local\capsule\apps\net.corda.node.Corda_3.3-corda\jolokia-jvm-1.6.0-agent.jar;C:\Users\Administrator\AppData\Local\capsule\apps\net.corda.node.Corda_3.3-corda\quasar-core-0.7.9-jdk8.jar;C:\Users\Administrator\AppData\Local\capsule\apps\net.corda.node.Corda_3.3-corda\commons-fileupload-1.3.3.jar;C:\Users\Administrator\AppData\Local\capsule\apps\net.corda.node.Corda_3.3-corda\kryo-serializers-0.41.jar;C:\Users\Administrator\AppData\Local\capsule\apps\net.corda.node.Corda_3.3-corda\kryo-4.0.0.jar;C:\Users\Administrator\AppData\Local\capsule\apps\net.corda.node.Corda_3.3-corda\proton-j-0.21.0.jar;C:\Users\Administrator\AppData\Local\capsule\apps\net.corda.node.Corda_3.3-corda\fast-classpath-scanner-2.12.3.jar;C:\Users\Administrator\AppData\Local\capsule\apps\net.corda.node.Corda_3.3-corda\jsr305-3.0.2.jar;C:\Users\Administrator\AppData\Local\capsule\apps\net.corda.node.Corda_3.3-corda\jcabi-log-0.14.jar;C:\Users\Administrator\AppData\Local\capsule\apps\net.corda.node.Corda_3.3-corda\copycat-protocol-1.2.3.jar;C:\Users\Administrator\AppData\Local\capsule\apps\net.corda.node.Corda_3.3-corda\catalyst-transport-1.1.2.jar;C:\Users\Administrator\AppData\Local\capsule\apps\net.corda.node.Corda_3.3-corda\mina-core-2.0.16.jar;C:\Users\Administrator\AppData\Local\capsule\apps\net.corda.node.Corda_3.3-corda\shiro-cache-1.4.0.jar;C:\Users\Administrator\AppData\Local\capsule\apps\net.corda.node.Corda_3.3-corda\shiro-crypto-hash-1.4.0.jar;C:\Users\Administrator\AppData\Local\capsule\apps\net.corda.node.Corda_3.3-corda\shiro-crypto-cipher-1.4.0.jar;C:\Users\Administrator\AppData\Local\capsule\apps\net.corda.node.Corda_3.3-corda\shiro-config-core-1.4.0.jar;C:\Users\Administrator\AppData\Local\capsule\apps\net.corda.node.Corda_3.3-corda\shiro-event-1.4.0.jar;C:\Users\Administrator\AppData\Local\capsule\apps\net.corda.node.Corda_3.3-corda\shiro-crypto-core-1.4.0.jar;C:\Users\Administrator\AppData\Local\capsule\apps\net.corda.node.Corda_3.3-corda\shiro-lang-1.4.0.jar;C:\Users\Administrator\AppData\Local\capsule\apps\net.corda.node.Corda_3.3-corda\jcl-over-slf4j-1.7.25.jar;C:\Users\Administrator\AppData\Local\capsule\apps\net.corda.node.Corda_3.3-corda\catalyst-concurrent-1.1.2.jar;C:\Users\Administrator\AppData\Local\capsule\apps\net.corda.node.Corda_3.3-corda\catalyst-serializer-1.1.2.jar;C:\Users\Administrator\AppData\Local\capsule\apps\net.corda.node.Corda_3.3-corda\catalyst-buffer-1.1.2.jar;C:\Users\Administrator\AppData\Local\capsule\apps\net.corda.node.Corda_3.3-corda\catalyst-common-1.1.2.jar;C:\Users\Administrator\AppData\Local\capsule\apps\net.corda.node.Corda_3.3-corda\sshd-pam-0.11.0.jar;C:\Users\Administrator\AppData\Local\capsule\apps\net.corda.node.Corda_3.3-corda\sshd-core-1.6.0.jar;C:\Users\Administrator\AppData\Local\capsule\apps\net.corda.node.Corda_3.3-corda\slf4j-api-1.7.25.jar;C:\Users\Administrator\AppData\Local\capsule\apps\net.corda.node.Corda_3.3-corda\log4j-core-2.9.1.jar;C:\Users\Administrator\AppData\Local\capsule\apps\net.corda.node.Corda_3.3-corda\log4j-api-2.9.1.jar;C:\Users\Administrator\AppData\Local\capsule\apps\net.corda.node.Corda_3.3-corda\kotlin-stdlib-jre7-1.1.60.jar;C:\Users\Administrator\AppData\Local\capsule\apps\net.corda.node.Corda_3.3-corda\kotlin-stdlib-1.1.60.jar;C:\Users\Administrator\AppData\Local\capsule\apps\net.corda.node.Corda_3.3-corda\commons-collections-3.2.2.jar;C:\Users\Administrator\AppData\Local\capsule\apps\net.corda.node.Corda_3.3-corda\hibernate-commons-annotations-5.0.1.Final.jar;C:\Users\Administrator\AppData\Local\capsule\apps\net.corda.node.Corda_3.3-corda\artemis-native-2.2.0.jar;C:\Users\Administrator\AppData\Local\capsule\apps\net.corda.node.Corda_3.3-corda\jboss-logging-3.3.0.Final.jar;C:\Users\Administrator\AppData\Local\capsule\apps\net.corda.node.Corda_3.3-corda\artemis-selector-2.2.0.jar;C:\Users\Administrator\AppData\Local\capsule\apps\net.corda.node.Corda_3.3-corda\jgroups-3.6.13.Final.jar;C:\Users\Administrator\AppData\Local\capsule\apps\net.corda.node.Corda_3.3-corda\geronimo-json_1.0_spec-1.0-alpha-1.jar;C:\Users\Administrator\AppData\Local\capsule\apps\net.corda.node.Corda_3.3-corda\johnzon-core-0.9.5.jar;C:\Users\Administrator\AppData\Local\capsule\apps\net.corda.node.Corda_3.3-corda\forms-1.1-preview.jar;C:\Users\Administrator\AppData\Local\capsule\apps\net.corda.node.Corda_3.3-corda\jdom-1.0.jar;C:\Users\Administrator\AppData\Local\capsule\apps\net.corda.node.Corda_3.3-corda\jackson-dataformat-yaml-2.9.2.jar;C:\Users\Administrator\AppData\Local\capsule\apps\net.corda.node.Corda_3.3-corda\jackson-datatype-jsr310-2.9.2.jar;C:\Users\Administrator\AppData\Local\capsule\apps\net.corda.node.Corda_3.3-corda\hibernate-jpa-2.1-api-1.0.0.Final.jar;C:\Users\Administrator\AppData\Local\capsule\apps\net.corda.node.Corda_3.3-corda\javassist-3.20.0-GA.jar;C:\Users\Administrator\AppData\Local\capsule\apps\net.corda.node.Corda_3.3-corda\antlr-2.7.7.jar;C:\Users\Administrator\AppData\Local\capsule\apps\net.corda.node.Corda_3.3-corda\geronimo-jta_1.1_spec-1.1.1.jar;C:\Users\Administrator\AppData\Local\capsule\apps\net.corda.node.Corda_3.3-corda\jandex-2.0.3.Final.jar;C:\Users\Administrator\AppData\Local\capsule\apps\net.corda.node.Corda_3.3-corda\classmate-1.3.0.jar;C:\Users\Administrator\AppData\Local\capsule\apps\net.corda.node.Corda_3.3-corda\dom4j-1.6.1.jar;C:\Users\Administrator\AppData\Local\capsule\apps\net.corda.node.Corda_3.3-corda\cdi-api-1.1.jar;C:\Users\Administrator\AppData\Local\capsule\apps\net.corda.node.Corda_3.3-corda\crash.cli-cadb53544fbb3c0fb901445da614998a6a419488.jar;C:\Users\Administrator\AppData\Local\capsule\apps\net.corda.node.Corda_3.3-corda\groovy-all-1.8.9.jar;C:\Users\Administrator\AppData\Local\capsule\apps\net.corda.node.Corda_3.3-corda\okio-1.11.0.jar;C:\Users\Administrator\AppData\Local\capsule\apps\net.corda.node.Corda_3.3-corda\jolokia-core-1.6.0.jar;C:\Users\Administrator\AppData\Local\capsule\apps\net.corda.node.Corda_3.3-corda\json-simple-1.1.1.jar;C:\Users\Administrator\AppData\Local\capsule\apps\net.corda.node.Corda_3.3-corda\rxjava-1.2.4.jar;C:\Users\Administrator\AppData\Local\capsule\apps\net.corda.node.Corda_3.3-corda\commons-jexl3-3.0.jar;C:\Users\Administrator\AppData\Local\capsule\apps\net.corda.node.Corda_3.3-corda\jackson-databind-2.9.2.jar;C:\Users\Administrator\AppData\Local\capsule\apps\net.corda.node.Corda_3.3-corda\eddsa-0.2.0.jar;C:\Users\Administrator\AppData\Local\capsule\apps\net.corda.node.Corda_3.3-corda\bcpkix-jdk15on-1.57.jar;C:\Users\Administrator\AppData\Local\capsule\apps\net.corda.node.Corda_3.3-corda\bcprov-jdk15on-1.57.jar;C:\Users\Administrator\AppData\Local\capsule\apps\net.corda.node.Corda_3.3-corda\commons-io-2.2.jar;C:\Users\Administrator\AppData\Local\capsule\apps\net.corda.node.Corda_3.3-corda\reflectasm-1.11.3.jar;C:\Users\Administrator\AppData\Local\capsule\apps\net.corda.node.Corda_3.3-corda\minlog-1.3.0.jar;C:\Users\Administrator\AppData\Local\capsule\apps\net.corda.node.Corda_3.3-corda\objenesis-2.2.jar;C:\Users\Administrator\AppData\Local\capsule\apps\net.corda.node.Corda_3.3-corda\annotations-13.0.jar;C:\Users\Administrator\AppData\Local\capsule\apps\net.corda.node.Corda_3.3-corda\jackson-annotations-2.9.0.jar;C:\Users\Administrator\AppData\Local\capsule\apps\net.corda.node.Corda_3.3-corda\snakeyaml-1.18.jar;C:\Users\Administrator\AppData\Local\capsule\apps\net.corda.node.Corda_3.3-corda\jackson-core-2.9.2.jar;C:\Users\Administrator\AppData\Local\capsule\apps\net.corda.node.Corda_3.3-corda\el-api-2.2.jar;C:\Users\Administrator\AppData\Local\capsule\apps\net.corda.node.Corda_3.3-corda\jboss-interceptors-api_1.1_spec-1.0.0.Beta1.jar;C:\Users\Administrator\AppData\Local\capsule\apps\net.corda.node.Corda_3.3-corda\jsr250-api-1.0.jar;C:\Users\Administrator\AppData\Local\capsule\apps\net.corda.node.Corda_3.3-corda\javax.inject-1.jar;C:\Users\Administrator\AppData\Local\capsule\apps\net.corda.node.Corda_3.3-corda\jpam-1.1.jar;C:\Users\Administrator\AppData\Local\capsule\apps\net.corda.node.Corda_3.3-corda\geronimo-jms_2.0_spec-1.0-alpha-2.jar;C:\Users\Administrator\AppData\Local\capsule\apps\net.corda.node.Corda_3.3-corda\asm-5.0.4.jar;C:\Users\Administrator\AppData\Local\capsule\apps\net.corda.node.Corda_3.3-corda\corda-node-3.3-corda.jar;C:\Users\Administrator\corda_bootcamp\cordapp-template-kotlin\build\nodes\PartyB\cordapps\cordapp-0.1.jar;C:\Users\Administrator\corda_bootcamp\cordapp-template-kotlin\build\nodes\PartyB\cordapps\cordapp-contracts-states-0.1.jar;C:\Users\Administrator\corda_bootcamp\cordapp-template-kotlin\build\nodes\PartyB\cordapps\cordapp-template-kotlin-0.1.jar;drivers/jolokia-jvm-1.3.7-agent.jar;C:\Users\Administrator\AppData\Local\capsule\apps\net.corda.node.Corda_3.3-corda\quasar-core-0.7.9-jdk8.jar;C:\Users\Administrator\corda_bootcamp\cordapp-template-kotlin\build\nodes\PartyB\corda.jar {}
[INFO ] 2019-01-11T12:00:30,589Z [main] internal.Node.logStartupInfo - VM Java HotSpot(TM) 64-Bit Server VM Oracle Corporation 25.171-b11 {}
[INFO ] 2019-01-11T12:00:30,589Z [main] internal.Node.logStartupInfo - Machine: MASTER-CORDA {}
[INFO ] 2019-01-11T12:00:30,589Z [main] internal.Node.logStartupInfo - Working Directory: C:\Users\Administrator\corda_bootcamp\cordapp-template-kotlin\build\nodes\PartyB {}
[INFO ] 2019-01-11T12:00:30,589Z [main] internal.Node.logStartupInfo - Debug port: dt_socket:5007 {}
[INFO ] 2019-01-11T12:00:30,589Z [main] internal.Node.logStartupInfo - Starting as node on localhost:10008 {}
[INFO ] 2019-01-11T12:00:31,104Z [main] cordapp.CordappLoader.<init> - Loading CorDapps from RestrictedURL(url=file:/C:/Users/Administrator/corda_bootcamp/cordapp-template-kotlin/build/nodes/PartyB/cordapps/cordapp-0.1.jar, rootPackageName=null), RestrictedURL(url=file:/C:/Users/Administrator/corda_bootcamp/cordapp-template-kotlin/build/nodes/PartyB/cordapps/cordapp-contracts-states-0.1.jar, rootPackageName=null), RestrictedURL(url=file:/C:/Users/Administrator/corda_bootcamp/cordapp-template-kotlin/build/nodes/PartyB/cordapps/cordapp-template-kotlin-0.1.jar, rootPackageName=null) {}
[INFO ] 2019-01-11T12:00:31,385Z [main] cordapp.CordappLoader.scanCordapp - Scanning CorDapp in file:/C:/Users/Administrator/corda_bootcamp/cordapp-template-kotlin/build/nodes/PartyB/cordapps/cordapp-0.1.jar {}
[INFO ] 2019-01-11T12:00:32,175Z [main] cordapp.CordappLoader.scanCordapp - Scanning CorDapp in file:/C:/Users/Administrator/corda_bootcamp/cordapp-template-kotlin/build/nodes/PartyB/cordapps/cordapp-contracts-states-0.1.jar {}
[INFO ] 2019-01-11T12:00:32,795Z [main] cordapp.CordappLoader.scanCordapp - Scanning CorDapp in file:/C:/Users/Administrator/corda_bootcamp/cordapp-template-kotlin/build/nodes/PartyB/cordapps/cordapp-template-kotlin-0.1.jar {}
[INFO ] 2019-01-11T12:00:33,161Z [main] internal.Node.start - Node starting up ... {}
[WARN ] 2019-01-11T12:00:33,161Z [main] internal.Node.initCertificate - Corda node is running in dev mode. {}
[INFO ] 2019-01-11T12:00:39,327Z [main] internal.NetworkParametersReader.retrieveNetworkParameters - Loaded network parameters: net.corda.core.internal.SignedDataWithCert@3f866f50 {}
[INFO ] 2019-01-11T12:00:40,585Z [main] BasicInfo.printBasicNodeInfo - Database connection url is              : jdbc:h2:tcp://10.44.206.251:65463/node {}
[INFO ] 2019-01-11T12:00:40,861Z [main] hikari.HikariDataSource.<init> - HikariPool-1 - Started. {}
[INFO ] 2019-01-11T12:00:41,439Z [main] internal.Node.invoke - Connected to H2 database. {}
[INFO ] 2019-01-11T12:00:41,502Z [main] persistence.HibernateConfiguration.<init> - Init HibernateConfiguration for schemas: [CommonSchemaV1(name=net.corda.core.schemas.CommonSchema, version=1), VaultSchemaV1(name=net.corda.node.services.vault.VaultSchema, version=1), NodeInfoSchemaV1(name=net.corda.node.internal.schemas.NodeInfoSchema, version=1), NodeCoreV1(name=net.corda.node.services.schema.NodeSchemaService$NodeCore, version=1)] {}
[INFO ] 2019-01-11T12:00:41,502Z [main] persistence.HibernateConfiguration.makeSessionFactoryForSchemas - Creating session factory for schemas: [CommonSchemaV1(name=net.corda.core.schemas.CommonSchema, version=1), VaultSchemaV1(name=net.corda.node.services.vault.VaultSchema, version=1), NodeInfoSchemaV1(name=net.corda.node.internal.schemas.NodeInfoSchema, version=1), NodeCoreV1(name=net.corda.node.services.schema.NodeSchemaService$NodeCore, version=1)] {}
[INFO ] 2019-01-11T12:00:41,793Z [main] hibernate.Version.logVersion - HHH000412: Hibernate Core {5.2.6.Final} {}
[INFO ] 2019-01-11T12:00:41,795Z [main] cfg.Environment.<clinit> - HHH000206: hibernate.properties not found {}
[INFO ] 2019-01-11T12:00:41,942Z [main] common.Version.<clinit> - HCANN000001: Hibernate Commons Annotations {5.0.1.Final} {}
[INFO ] 2019-01-11T12:00:42,152Z [main] internal.ConnectionProviderInitiator.initiateService - HHH000130: Instantiating explicit connection provider: net.corda.nodeapi.internal.persistence.HibernateConfiguration$NodeDatabaseConnectionProvider {}
[INFO ] 2019-01-11T12:00:42,197Z [main] dialect.Dialect.<init> - HHH000400: Using dialect: org.hibernate.dialect.H2Dialect {}
[INFO ] 2019-01-11T12:00:42,331Z [main] type.BasicTypeRegistry.register - HHH000270: Type registration [materialized_blob] overrides previous : org.hibernate.type.MaterializedBlobType@1d1b3620 {}
[INFO ] 2019-01-11T12:00:48,562Z [main] connections.access.getIsolatedConnection - HHH10001501: Connection obtained from JdbcConnectionAccess [org.hibernate.engine.jdbc.env.internal.JdbcEnvironmentInitiator$ConnectionProviderJdbcConnectionAccess@4536a09a] for (non-JTA) DDL execution was not in auto-commit mode; the Connection 'local transaction' will be committed and the Connection will be set into auto-commit mode. {}
[INFO ] 2019-01-11T12:00:48,812Z [main] persistence.HibernateConfiguration.makeSessionFactoryForSchemas - Created session factory for schemas: [CommonSchemaV1(name=net.corda.core.schemas.CommonSchema, version=1), VaultSchemaV1(name=net.corda.node.services.vault.VaultSchema, version=1), NodeInfoSchemaV1(name=net.corda.node.internal.schemas.NodeInfoSchema, version=1), NodeCoreV1(name=net.corda.node.services.schema.NodeSchemaService$NodeCore, version=1)] {}
[INFO ] 2019-01-11T12:00:49,109Z [main] internal.QueryTranslatorFactoryInitiator.initiateService - HHH000397: Using ASTQueryTranslatorFactory {}
[INFO ] 2019-01-11T12:00:50,433Z [main] persistence.NodeAttachmentService.invoke - Stored new attachment CE1CCBAD4E284426BDB25FF8E88D70B6C5761D6C213C9DB54E9D43EBDCEA3F27 {}
[INFO ] 2019-01-11T12:00:50,574Z [main] security.RPCSecurityManagerImpl.buildImpl - Constructing realm from list of users in config [User(user1, permissions=[ALL])] {}
[INFO ] 2019-01-11T12:00:50,888Z [main] BasicInfo.printBasicNodeInfo - Advertised P2P messaging addresses      : localhost:10008 {}
[INFO ] 2019-01-11T12:00:50,888Z [main] BasicInfo.printBasicNodeInfo - RPC connection address                  : localhost:10009 {}
[INFO ] 2019-01-11T12:00:50,888Z [main] BasicInfo.printBasicNodeInfo - RPC admin connection address            : localhost:10049 {}
[INFO ] 2019-01-11T12:00:52,589Z [main] messaging.ArtemisMessagingServer.configureAndStartServer - P2P messaging server listening on port 10008 {}
[INFO ] 2019-01-11T12:00:53,041Z [main] internal.ArtemisMessagingClient.start - Connecting to message broker: localhost:10008 {}
[INFO ] 2019-01-11T12:00:54,120Z [main] internal.ArtemisMessagingClient.start - Connecting to message broker: localhost:10008 {}
[INFO ] 2019-01-11T12:00:54,276Z [main] internal.ArtemisMessagingClient.start - Connecting to message broker: localhost:10049 {}
[INFO ] 2019-01-11T12:00:54,401Z [main] messaging.P2PMessagingClient.start - Connecting to message broker: localhost:10008 {}
[INFO ] 2019-01-11T12:00:54,479Z [main] messaging.P2PMessagingClient.createQueueIfAbsent - Create fresh queue p2p.inbound.DL97F8ByaZHNh2o2uNPBPPB76D4pPzDUNF98qEC6vtQBdV bound on same address {}
[INFO ] 2019-01-11T12:00:54,620Z [Thread-0 (ActiveMQ-client-global-threads)] bridging.BridgeControlListener.processControlMessage - Received bridge control message NodeToBridgeSnapshot(nodeIdentity=DL97F8ByaZHNh2o2uNPBPPB76D4pPzDUNF98qEC6vtQBdV, inboxQueues=[p2p.inbound.DL97F8ByaZHNh2o2uNPBPPB76D4pPzDUNF98qEC6vtQBdV], sendQueues=[]) {}
[INFO ] 2019-01-11T12:00:54,682Z [main] internal.Node.registerInitiatedFlowInternal - Registered com.template.InvoiceSettlementFlow to initiate com.template.InvoiceSettlementResponderFlow (version 1) {}
[INFO ] 2019-01-11T12:00:54,713Z [main] internal.Node.registerInitiatedFlowInternal - Registered com.template.Initiator to initiate com.template.Responder (version 1) {}
[INFO ] 2019-01-11T12:00:56,354Z [main] plugin.PluginManager.getPlugins - Loaded plugin Plugin[type=SSHPlugin,interface=SSHPlugin] {}
[INFO ] 2019-01-11T12:00:56,354Z [main] plugin.PluginManager.getPlugins - Loaded plugin Plugin[type=SSHInlinePlugin,interface=CommandPlugin] {}
[INFO ] 2019-01-11T12:00:56,370Z [main] plugin.PluginManager.getPlugins - Loaded plugin Plugin[type=KeyAuthenticationPlugin,interface=KeyAuthenticationPlugin] {}
[INFO ] 2019-01-11T12:00:56,385Z [main] plugin.PluginManager.getPlugins - Loaded plugin Plugin[type=CRaSHShellFactory,interface=ShellFactory] {}
[INFO ] 2019-01-11T12:00:56,385Z [main] plugin.PluginManager.getPlugins - Loaded plugin Plugin[type=GroovyLanguageProxy,interface=Language] {}
[INFO ] 2019-01-11T12:00:56,385Z [main] plugin.PluginManager.getPlugins - Loaded plugin Plugin[type=JavaLanguage,interface=Language] {}
[INFO ] 2019-01-11T12:00:56,385Z [main] plugin.PluginManager.getPlugins - Loaded plugin Plugin[type=ScriptLanguage,interface=Language] {}
[INFO ] 2019-01-11T12:00:56,385Z [main] plugin.PluginManager.getPlugins - Loaded plugin Plugin[type=JaasAuthenticationPlugin,interface=AuthenticationPlugin] {}
[INFO ] 2019-01-11T12:00:56,385Z [main] plugin.PluginManager.getPlugins - Loaded plugin Plugin[type=SimpleAuthenticationPlugin,interface=AuthenticationPlugin] {}
[INFO ] 2019-01-11T12:00:56,416Z [main] ssh.SSHPlugin.init - Could not boot SSHD due to missing due to missing port configuration {}
[INFO ] 2019-01-11T12:00:56,416Z [main] plugin.PluginManager.getPlugins - Initialized plugin Plugin[type=SSHPlugin,interface=SSHPlugin] {}
[INFO ] 2019-01-11T12:00:56,416Z [main] plugin.PluginManager.getPlugins - Initialized plugin Plugin[type=SSHInlinePlugin,interface=CommandPlugin] {}
[INFO ] 2019-01-11T12:00:56,416Z [main] plugin.PluginManager.getPlugins - Initialized plugin Plugin[type=KeyAuthenticationPlugin,interface=KeyAuthenticationPlugin] {}
[INFO ] 2019-01-11T12:00:56,495Z [main] plugin.PluginManager.getPlugins - Initialized plugin Plugin[type=GroovyLanguageProxy,interface=Language] {}
[INFO ] 2019-01-11T12:00:56,495Z [main] plugin.PluginManager.getPlugins - Initialized plugin Plugin[type=ScriptLanguage,interface=Language] {}
[INFO ] 2019-01-11T12:00:56,526Z [main] plugin.PluginManager.getPlugins - Initialized plugin Plugin[type=CRaSHShellFactory,interface=ShellFactory] {}
[INFO ] 2019-01-11T12:00:56,526Z [main] plugin.PluginManager.getPlugins - Initialized plugin Plugin[type=JaasAuthenticationPlugin,interface=AuthenticationPlugin] {}
[INFO ] 2019-01-11T12:00:56,526Z [main] plugin.PluginManager.getPlugins - Initialized plugin Plugin[type=SimpleAuthenticationPlugin,interface=AuthenticationPlugin] {}
[INFO ] 2019-01-11T12:00:56,526Z [main] plugin.PluginManager.getPlugins - Initialized plugin Plugin[type=CordaAuthenticationPlugin,interface=AuthenticationPlugin] {}
[WARN ] 2019-01-11T12:00:58,166Z [main] utilities.AppendOnlyPersistentMapBase.set - Double insert in net.corda.node.utilities.AppendOnlyPersistentMap for entity class class net.corda.node.services.identity.PersistentIdentityService$PersistentIdentity key 7876F344D4D33FC5655710BC52D8EF2E687BE85F5C9ED3CD36F565DADDDC3554, not inserting the second time {}
[INFO ] 2019-01-11T12:00:58,166Z [main] messaging.P2PMessagingClient.updateBridgesOnNetworkChange - Updating bridges on network map change: NodeInfo(addresses=[localhost:10008], legalIdentitiesAndCerts=[O=PartyB, L=New York, C=US], platformVersion=3, serial=1547207917606) {}
[INFO ] 2019-01-11T12:00:58,307Z [main] BasicInfo.printBasicNodeInfo - Loaded CorDapps                         : cordapp-0.1, cordapp-contracts-states-0.1, cordapp-template-kotlin-0.1, corda-core-3.3-corda {}
[INFO ] 2019-01-11T12:00:58,432Z [RxIoScheduler-2] network.PersistentNetworkMapCache.addNode - Adding node with info: NodeInfo(addresses=[localhost:10002], legalIdentitiesAndCerts=[O=Notary, L=London, C=GB], platformVersion=3, serial=1547207911735) {}
[INFO ] 2019-01-11T12:00:58,432Z [main] BasicInfo.printBasicNodeInfo - Node for "PartyB" started up and registered in 38.69 sec {}
[INFO ] 2019-01-11T12:00:58,448Z [RxIoScheduler-2] network.PersistentNetworkMapCache.addNode - No previous node found {}
[INFO ] 2019-01-11T12:00:58,526Z [RxIoScheduler-2] messaging.P2PMessagingClient.updateBridgesOnNetworkChange - Updating bridges on network map change: NodeInfo(addresses=[localhost:10002], legalIdentitiesAndCerts=[O=Notary, L=London, C=GB], platformVersion=3, serial=1547207911735) {}
[INFO ] 2019-01-11T12:00:58,541Z [RxIoScheduler-2] network.PersistentNetworkMapCache.addNode - Done adding node with info: NodeInfo(addresses=[localhost:10002], legalIdentitiesAndCerts=[O=Notary, L=London, C=GB], platformVersion=3, serial=1547207911735) {}
[INFO ] 2019-01-11T12:00:58,541Z [RxIoScheduler-2] network.PersistentNetworkMapCache.addNode - Adding node with info: NodeInfo(addresses=[localhost:10008], legalIdentitiesAndCerts=[O=PartyB, L=New York, C=US], platformVersion=3, serial=1547207917606) {}
[INFO ] 2019-01-11T12:00:58,557Z [RxIoScheduler-2] network.PersistentNetworkMapCache.addNode - Previous node was identical to incoming one - doing nothing {}
[INFO ] 2019-01-11T12:00:58,573Z [RxIoScheduler-2] network.PersistentNetworkMapCache.addNode - Done adding node with info: NodeInfo(addresses=[localhost:10008], legalIdentitiesAndCerts=[O=PartyB, L=New York, C=US], platformVersion=3, serial=1547207917606) {}
[INFO ] 2019-01-11T12:00:58,573Z [RxIoScheduler-2] network.PersistentNetworkMapCache.addNode - Adding node with info: NodeInfo(addresses=[localhost:10005], legalIdentitiesAndCerts=[O=PartyA, L=London, C=GB], platformVersion=3, serial=1547207915044) {}
[INFO ] 2019-01-11T12:00:58,573Z [RxIoScheduler-2] network.PersistentNetworkMapCache.addNode - No previous node found {}
[INFO ] 2019-01-11T12:00:58,604Z [RxIoScheduler-2] messaging.P2PMessagingClient.updateBridgesOnNetworkChange - Updating bridges on network map change: NodeInfo(addresses=[localhost:10005], legalIdentitiesAndCerts=[O=PartyA, L=London, C=GB], platformVersion=3, serial=1547207915044) {}
[INFO ] 2019-01-11T12:00:58,620Z [RxIoScheduler-2] network.PersistentNetworkMapCache.addNode - Done adding node with info: NodeInfo(addresses=[localhost:10005], legalIdentitiesAndCerts=[O=PartyA, L=London, C=GB], platformVersion=3, serial=1547207915044) {}
[INFO ] 2019-01-11T12:00:58,713Z [main] messaging.RPCServer.start - Starting RPC server with configuration RPCServerConfiguration(rpcThreadPoolSize=4, reapInterval=PT1S, deduplicationCacheExpiry=PT24H) {}
[INFO ] 2019-01-11T12:01:43,251Z [Thread-0 (ActiveMQ-client-global-threads)] messaging.P2PMessagingClient.artemisToCordaMessage - Received message from: p2p.inbound.DL97F8ByaZHNh2o2uNPBPPB76D4pPzDUNF98qEC6vtQBdV user: O=PartyA, L=London, C=GB topic: platform.session uuid: 94b677ab-e22c-44c0-94d8-7e57a8cb23c4 {}
[INFO ] 2019-01-11T12:01:43,689Z [Node thread-1] statemachine.StateMachineManagerImpl.onSessionInit - Accepting flow session from party O=PartyA, L=London, C=GB. Session id for tracing purposes is SessionId(toLong=4975788531825762023). {invocation_id=b7538ec4-dd39-4ce7-851d-e8bc50dfa191, invocation_timestamp=2019-01-11T12:01:43.408Z, session_id=b7538ec4-dd39-4ce7-851d-e8bc50dfa191, session_timestamp=2019-01-11T12:01:43.408Z}
[INFO ] 2019-01-11T12:01:44,783Z [Messaging DL97F8ByaZHNh2o2uNPBPPB76D4pPzDUNF98qEC6vtQBdV] messaging.P2PMessagingClient.createQueueIfAbsent - Create fresh queue internal.peers.DLHiCNYkwCoWDVDi81YFGYE6jepe8pXkmT1jfeN2EQM1pF bound on same address {}
[INFO ] 2019-01-11T12:01:45,423Z [Thread-1 (ActiveMQ-client-global-threads)] bridging.BridgeControlListener.processControlMessage - Received bridge control message Create(nodeIdentity=DL97F8ByaZHNh2o2uNPBPPB76D4pPzDUNF98qEC6vtQBdV, bridgeInfo=BridgeEntry(queueName=internal.peers.DLHiCNYkwCoWDVDi81YFGYE6jepe8pXkmT1jfeN2EQM1pF, targets=[localhost:10005], legalNames=[O=PartyA, L=London, C=GB])) {}
[INFO ] 2019-01-11T12:01:45,456Z [Thread-1 (ActiveMQ-client-global-threads)] peers.DLHiCNYkwCoWDVDi81YFGYE6jepe8pXkmT1jfeN2EQM1pF -> localhost:10005:O=PartyA, L=London, C=GB.start - Create new AMQP bridge {}
[INFO ] 2019-01-11T12:01:45,472Z [Thread-1 (ActiveMQ-client-global-threads)] netty.AMQPClient.start - connect to: localhost:10005 {}
[INFO ] 2019-01-11T12:01:45,503Z [nioEventLoopGroup-2-1] netty.AMQPClient.operationComplete - Connected to localhost:10005 {}
[INFO ] 2019-01-11T12:01:45,519Z [nioEventLoopGroup-2-1] O=PartyA, L=London, C=GB.channelActive - New client connection 4124ab2a from localhost/127.0.0.1:10005 to /127.0.0.1:49438 {}
[INFO ] 2019-01-11T12:01:45,612Z [nioEventLoopGroup-2-1] netty.LoggingTrustManagerWrapper.checkServerTrusted - Check Server Certpath:
  C=GB,L=London,O=PartyA[A970502657F0D84B1749E55C5B3295485A3EA314] issued by C=GB,L=London,O=PartyA[null]
  C=GB,L=London,O=PartyA[B621E8C8C9739E8B1D456EF6B4BB8F5D3DA69B8D] issued by C=US,L=New York,OU=Corda,O=R3 HoldCo LLC,CN=Corda Doorman CA[null]
  C=US,L=New York,OU=Corda,O=R3 HoldCo LLC,CN=Corda Doorman CA[EBEE2E30152940AE19981ED86FE37D7F07A2C213] issued by CN=Corda Node Root CA,O=R3,OU=corda,L=London,C=UK[7CAEA9DFB948012B13890B9AE645851C39170773]
  CN=Corda Node Root CA,O=R3,OU=corda,L=London,C=UK[7CAEA9DFB948012B13890B9AE645851C39170773] issued by CN=Corda Node Root CA,O=R3,OU=corda,L=London,C=UK[null] {}
[INFO ] 2019-01-11T12:01:45,644Z [nioEventLoopGroup-2-1] O=PartyA, L=London, C=GB.userEventTriggered - Handshake completed with subject: O=PartyA, L=London, C=GB {}
[INFO ] 2019-01-11T12:01:45,691Z [nioEventLoopGroup-2-1] peers.DLHiCNYkwCoWDVDi81YFGYE6jepe8pXkmT1jfeN2EQM1pF -> localhost:10005:O=PartyA, L=London, C=GB.onSocketConnected - Bridge Connected {}
[INFO ] 2019-01-11T12:01:45,706Z [nioEventLoopGroup-2-1] O=PartyB, L=New York, C=US.onConnectionLocalOpen - Connection local open org.apache.qpid.proton.engine.impl.ConnectionImpl@64f4c6a3 {}
[INFO ] 2019-01-11T12:01:47,065Z [Thread-0 (ActiveMQ-client-global-threads)] messaging.P2PMessagingClient.artemisToCordaMessage - Received message from: p2p.inbound.DL97F8ByaZHNh2o2uNPBPPB76D4pPzDUNF98qEC6vtQBdV user: O=PartyA, L=London, C=GB topic: platform.session uuid: a758bb22-2e42-48a7-b5df-13495e6645ad {}
[INFO ] 2019-01-11T12:02:50,215Z [Node thread-1] vault.NodeVaultService._queryBy - Vault Query for contract type: class com.template.InvoiceState, criteria: LinearStateQueryCriteria(participants=[O=PartyB, L=New York, C=US], uuid=[6db6d948-b416-4ac6-a9dc-ecf00bcab556], externalId=[], status=UNCONSUMED, contractStateTypes=null), pagination: PageSpecification(pageNumber=-1, pageSize=200), sorting: Sort(columns=[]) {}
[WARN ] 2019-01-11T12:02:50,574Z [Node thread-1] flow.[d9e6a70e-e46b-47f1-a731-cbe771357ce2].run - Flow finished with exception {}
net.corda.core.contracts.TransactionVerificationException$ContractRejection: Contract verification failed: Failed requirement: Check that invoice status is Settled, contract: com.template.InvoiceContract, transaction: 0C08E35B164620D36215A8B76CA8B1C325C4CFC6D149395B7567E115ED4E2321
	at net.corda.core.transactions.LedgerTransaction.verifyContracts(LedgerTransaction.kt:127) ~[corda-core-3.3-corda.jar:?]
	at net.corda.core.transactions.LedgerTransaction.verify(LedgerTransaction.kt:80) ~[corda-core-3.3-corda.jar:?]
	at net.corda.core.transactions.TransactionBuilder.verify(TransactionBuilder.kt:143) ~[corda-core-3.3-corda.jar:?]
	at com.template.InvoiceSettlementFlow.call(InoviceSettlementFlow.kt:40) ~[cordapp-0.1.jar:?]
	at com.template.InvoiceSettlementFlow.call(InoviceSettlementFlow.kt:16) ~[cordapp-0.1.jar:?]
	at net.corda.node.services.statemachine.FlowStateMachineImpl.run(FlowStateMachineImpl.kt:96) [corda-node-3.3-corda.jar:?]
	at net.corda.node.services.statemachine.FlowStateMachineImpl.run(FlowStateMachineImpl.kt:44) [corda-node-3.3-corda.jar:?]
	at co.paralleluniverse.fibers.Fiber.run1(Fiber.java:1092) [quasar-core-0.7.9-jdk8.jar:0.7.9]
	at co.paralleluniverse.fibers.Fiber.exec(Fiber.java:788) [quasar-core-0.7.9-jdk8.jar:0.7.9]
	at co.paralleluniverse.fibers.RunnableFiberTask.doExec(RunnableFiberTask.java:100) [quasar-core-0.7.9-jdk8.jar:0.7.9]
	at co.paralleluniverse.fibers.RunnableFiberTask.run(RunnableFiberTask.java:91) [quasar-core-0.7.9-jdk8.jar:0.7.9]
	at java.util.concurrent.Executors$RunnableAdapter.call(Unknown Source) [?:1.8.0_171]
	at java.util.concurrent.FutureTask.run(Unknown Source) [?:1.8.0_171]
	at java.util.concurrent.ScheduledThreadPoolExecutor$ScheduledFutureTask.access$201(Unknown Source) [?:1.8.0_171]
	at java.util.concurrent.ScheduledThreadPoolExecutor$ScheduledFutureTask.run(Unknown Source) [?:1.8.0_171]
	at java.util.concurrent.ThreadPoolExecutor.runWorker(Unknown Source) [?:1.8.0_171]
	at java.util.concurrent.ThreadPoolExecutor$Worker.run(Unknown Source) [?:1.8.0_171]
	at net.corda.node.utilities.AffinityExecutor$ServiceAffinityExecutor$1$thread$1.run(AffinityExecutor.kt:62) [corda-node-3.3-corda.jar:?]
Caused by: java.lang.IllegalArgumentException: Failed requirement: Check that invoice status is Settled
	at com.template.InvoiceContract.verify(InvoiceContract.kt:78) ~[cordapp-contracts-states-0.1.jar:?]
	at net.corda.core.transactions.LedgerTransaction.verifyContracts(LedgerTransaction.kt:125) ~[corda-core-3.3-corda.jar:?]
	... 17 more
[INFO ] 2019-01-11T12:03:01,058Z [Thread-16] vault.NodeVaultService._queryBy - Vault Query for contract type: class com.template.InvoiceState, criteria: VaultQueryCriteria(status=UNCONSUMED, contractStateTypes=null, stateRefs=null, notary=null, softLockingCondition=null, timeCondition=null), pagination: PageSpecification(pageNumber=-1, pageSize=200), sorting: Sort(columns=[]) {invocation_id=c6b2e982-d81e-4e4a-8e88-fb7beecbc3b6, invocation_timestamp=2019-01-11T12:00:56.541Z, session_id=c6b2e982-d81e-4e4a-8e88-fb7beecbc3b6, session_timestamp=2019-01-11T12:00:56.541Z}
